2024-03-29 17:32:16.712 [main] INFO  c.p.tripevolve.TripEvolveApplication - Starting TripEvolveApplication using Java 20 with PID 3636 (C:\Users\Iulia\Licenta-2024\backend\TripEvolve\target\classes started by Iulia in C:\Users\Iulia\Licenta-2024\backend\TripEvolve)
2024-03-29 17:32:16.713 [main] INFO  c.p.tripevolve.TripEvolveApplication - No active profile set, falling back to 1 default profile: "default"
2024-03-29 17:32:17.296 [main] INFO  o.s.d.r.c.RepositoryConfigurationDelegate - Bootstrapping Spring Data JPA repositories in DEFAULT mode.
2024-03-29 17:32:17.361 [main] INFO  o.s.d.r.c.RepositoryConfigurationDelegate - Finished Spring Data repository scanning in 58 ms. Found 5 JPA repository interfaces.
2024-03-29 17:32:17.789 [main] INFO  o.s.b.w.e.tomcat.TomcatWebServer - Tomcat initialized with port 8080 (http)
2024-03-29 17:32:17.797 [main] INFO  o.a.coyote.http11.Http11NioProtocol - Initializing ProtocolHandler ["http-nio-8080"]
2024-03-29 17:32:17.799 [main] INFO  o.a.catalina.core.StandardService - Starting service [Tomcat]
2024-03-29 17:32:17.799 [main] INFO  o.a.catalina.core.StandardEngine - Starting Servlet engine: [Apache Tomcat/10.1.18]
2024-03-29 17:32:17.849 [main] INFO  o.a.c.c.C.[Tomcat].[localhost].[/] - Initializing Spring embedded WebApplicationContext
2024-03-29 17:32:17.849 [main] INFO  o.s.b.w.s.c.ServletWebServerApplicationContext - Root WebApplicationContext: initialization completed in 1100 ms
2024-03-29 17:32:17.986 [main] INFO  com.zaxxer.hikari.HikariDataSource - HikariPool-1 - Starting...
2024-03-29 17:32:18.080 [main] INFO  com.zaxxer.hikari.pool.HikariPool - HikariPool-1 - Added connection org.mariadb.jdbc.Connection@61f377d1
2024-03-29 17:32:18.081 [main] INFO  com.zaxxer.hikari.HikariDataSource - HikariPool-1 - Start completed.
2024-03-29 17:32:18.121 [main] INFO  o.h.jpa.internal.util.LogHelper - HHH000204: Processing PersistenceUnitInfo [name: default]
2024-03-29 17:32:18.181 [main] INFO  org.hibernate.Version - HHH000412: Hibernate ORM core version 6.4.1.Final
2024-03-29 17:32:18.217 [main] INFO  o.h.c.i.RegionFactoryInitiator - HHH000026: Second-level cache disabled
2024-03-29 17:32:18.458 [main] INFO  o.s.o.j.p.SpringPersistenceUnitInfo - No LoadTimeWeaver setup: ignoring JPA class transformer
2024-03-29 17:32:19.257 [main] INFO  o.h.e.t.j.p.i.JtaPlatformInitiator - HHH000489: No JTA platform available (set 'hibernate.transaction.jta.platform' to enable JTA platform integration)
2024-03-29 17:32:19.259 [main] INFO  o.s.o.j.LocalContainerEntityManagerFactoryBean - Initialized JPA EntityManagerFactory for persistence unit 'default'
2024-03-29 17:32:19.445 [main] INFO  o.s.d.j.r.query.QueryEnhancerFactory - Hibernate is in classpath; If applicable, HQL parser will be used.
2024-03-29 17:32:19.835 [main] WARN  o.s.b.a.o.j.JpaBaseConfiguration$JpaWebConfiguration - spring.jpa.open-in-view is enabled by default. Therefore, database queries may be performed during view rendering. Explicitly configure spring.jpa.open-in-view to disable this warning
2024-03-29 17:32:20.084 [main] INFO  o.a.coyote.http11.Http11NioProtocol - Starting ProtocolHandler ["http-nio-8080"]
2024-03-29 17:32:20.097 [main] INFO  o.s.b.w.e.tomcat.TomcatWebServer - Tomcat started on port 8080 (http) with context path ''
2024-03-29 17:32:20.106 [main] INFO  c.p.tripevolve.TripEvolveApplication - Started TripEvolveApplication in 3.699 seconds (process running for 4.48)
2024-03-29 17:33:26.899 [http-nio-8080-exec-1] INFO  o.a.c.c.C.[Tomcat].[localhost].[/] - Initializing Spring DispatcherServlet 'dispatcherServlet'
2024-03-29 17:33:26.899 [http-nio-8080-exec-1] INFO  o.s.web.servlet.DispatcherServlet - Initializing Servlet 'dispatcherServlet'
2024-03-29 17:33:26.900 [http-nio-8080-exec-1] INFO  o.s.web.servlet.DispatcherServlet - Completed initialization in 0 ms
2024-03-29 17:33:26.980 [http-nio-8080-exec-2] INFO  c.p.t.s.impl.ItineraryServiceImpl - Generating schedule...
2024-03-29 17:33:27.108 [Thread-1] INFO  c.p.t.s.impl.ItineraryServiceImpl - Error in buffered reader Traceback (most recent call last):
  File "C:\Users\Iulia\Licenta-2024\geneticAlgorithm\AlgortimGenetic2\main.py", line 1, in <module>
    import redis
ModuleNotFoundError: No module named 'redis'

2024-03-29 17:33:27.109 [http-nio-8080-exec-2] INFO  c.p.t.s.impl.ItineraryServiceImpl - Exited with error code 1
2024-03-29 17:33:27.109 [http-nio-8080-exec-2] INFO  c.p.t.s.impl.ItineraryServiceImpl - Action completed successfully.
2024-03-29 17:38:59.563 [SpringApplicationShutdownHook] INFO  o.s.o.j.LocalContainerEntityManagerFactoryBean - Closing JPA EntityManagerFactory for persistence unit 'default'
2024-03-29 17:38:59.565 [SpringApplicationShutdownHook] INFO  com.zaxxer.hikari.HikariDataSource - HikariPool-1 - Shutdown initiated...
2024-03-29 17:38:59.568 [SpringApplicationShutdownHook] INFO  com.zaxxer.hikari.HikariDataSource - HikariPool-1 - Shutdown completed.
2024-03-29 17:39:02.508 [main] INFO  c.p.tripevolve.TripEvolveApplication - Starting TripEvolveApplication using Java 20 with PID 19880 (C:\Users\Iulia\Licenta-2024\backend\TripEvolve\target\classes started by Iulia in C:\Users\Iulia\Licenta-2024\backend\TripEvolve)
2024-03-29 17:39:02.510 [main] INFO  c.p.tripevolve.TripEvolveApplication - No active profile set, falling back to 1 default profile: "default"
2024-03-29 17:39:02.984 [main] INFO  o.s.d.r.c.RepositoryConfigurationDelegate - Bootstrapping Spring Data JPA repositories in DEFAULT mode.
2024-03-29 17:39:03.043 [main] INFO  o.s.d.r.c.RepositoryConfigurationDelegate - Finished Spring Data repository scanning in 53 ms. Found 5 JPA repository interfaces.
2024-03-29 17:39:03.414 [main] INFO  o.s.b.w.e.tomcat.TomcatWebServer - Tomcat initialized with port 8080 (http)
2024-03-29 17:39:03.422 [main] INFO  o.a.coyote.http11.Http11NioProtocol - Initializing ProtocolHandler ["http-nio-8080"]
2024-03-29 17:39:03.425 [main] INFO  o.a.catalina.core.StandardService - Starting service [Tomcat]
2024-03-29 17:39:03.425 [main] INFO  o.a.catalina.core.StandardEngine - Starting Servlet engine: [Apache Tomcat/10.1.18]
2024-03-29 17:39:03.471 [main] INFO  o.a.c.c.C.[Tomcat].[localhost].[/] - Initializing Spring embedded WebApplicationContext
2024-03-29 17:39:03.471 [main] INFO  o.s.b.w.s.c.ServletWebServerApplicationContext - Root WebApplicationContext: initialization completed in 927 ms
2024-03-29 17:39:03.582 [main] INFO  com.zaxxer.hikari.HikariDataSource - HikariPool-1 - Starting...
2024-03-29 17:39:03.651 [main] INFO  com.zaxxer.hikari.pool.HikariPool - HikariPool-1 - Added connection org.mariadb.jdbc.Connection@382dc417
2024-03-29 17:39:03.653 [main] INFO  com.zaxxer.hikari.HikariDataSource - HikariPool-1 - Start completed.
2024-03-29 17:39:03.691 [main] INFO  o.h.jpa.internal.util.LogHelper - HHH000204: Processing PersistenceUnitInfo [name: default]
2024-03-29 17:39:03.733 [main] INFO  org.hibernate.Version - HHH000412: Hibernate ORM core version 6.4.1.Final
2024-03-29 17:39:03.758 [main] INFO  o.h.c.i.RegionFactoryInitiator - HHH000026: Second-level cache disabled
2024-03-29 17:39:03.966 [main] INFO  o.s.o.j.p.SpringPersistenceUnitInfo - No LoadTimeWeaver setup: ignoring JPA class transformer
2024-03-29 17:39:04.668 [main] INFO  o.h.e.t.j.p.i.JtaPlatformInitiator - HHH000489: No JTA platform available (set 'hibernate.transaction.jta.platform' to enable JTA platform integration)
2024-03-29 17:39:04.672 [main] INFO  o.s.o.j.LocalContainerEntityManagerFactoryBean - Initialized JPA EntityManagerFactory for persistence unit 'default'
2024-03-29 17:39:04.838 [main] INFO  o.s.d.j.r.query.QueryEnhancerFactory - Hibernate is in classpath; If applicable, HQL parser will be used.
2024-03-29 17:39:05.208 [main] WARN  o.s.b.a.o.j.JpaBaseConfiguration$JpaWebConfiguration - spring.jpa.open-in-view is enabled by default. Therefore, database queries may be performed during view rendering. Explicitly configure spring.jpa.open-in-view to disable this warning
2024-03-29 17:39:05.441 [main] INFO  o.a.coyote.http11.Http11NioProtocol - Starting ProtocolHandler ["http-nio-8080"]
2024-03-29 17:39:05.454 [main] INFO  o.s.b.w.e.tomcat.TomcatWebServer - Tomcat started on port 8080 (http) with context path ''
2024-03-29 17:39:05.461 [main] INFO  c.p.tripevolve.TripEvolveApplication - Started TripEvolveApplication in 3.233 seconds (process running for 3.88)
2024-03-29 17:39:16.541 [http-nio-8080-exec-1] INFO  o.a.c.c.C.[Tomcat].[localhost].[/] - Initializing Spring DispatcherServlet 'dispatcherServlet'
2024-03-29 17:39:16.542 [http-nio-8080-exec-1] INFO  o.s.web.servlet.DispatcherServlet - Initializing Servlet 'dispatcherServlet'
2024-03-29 17:39:16.543 [http-nio-8080-exec-1] INFO  o.s.web.servlet.DispatcherServlet - Completed initialization in 0 ms
2024-03-29 17:39:16.626 [http-nio-8080-exec-2] INFO  c.p.t.s.impl.ItineraryServiceImpl - Generating schedule...
2024-03-29 17:39:16.696 [Thread-1] INFO  c.p.t.s.impl.ItineraryServiceImpl - Error in buffered reader Traceback (most recent call last):
  File "C:\Users\Iulia\Licenta-2024\geneticAlgorithm\AlgortimGenetic2\main.py", line 1, in <module>
    import redis
ModuleNotFoundError: No module named 'redis'

2024-03-29 17:39:16.696 [http-nio-8080-exec-2] INFO  c.p.t.s.impl.ItineraryServiceImpl - Exited with error code 1
2024-03-29 17:39:16.696 [http-nio-8080-exec-2] INFO  c.p.t.s.impl.ItineraryServiceImpl - Action completed successfully.
2024-03-29 17:42:36.134 [SpringApplicationShutdownHook] INFO  o.s.o.j.LocalContainerEntityManagerFactoryBean - Closing JPA EntityManagerFactory for persistence unit 'default'
2024-03-29 17:42:36.136 [SpringApplicationShutdownHook] INFO  com.zaxxer.hikari.HikariDataSource - HikariPool-1 - Shutdown initiated...
2024-03-29 17:42:36.139 [SpringApplicationShutdownHook] INFO  com.zaxxer.hikari.HikariDataSource - HikariPool-1 - Shutdown completed.
2024-03-29 17:42:39.743 [main] INFO  o.s.d.r.c.RepositoryConfigurationDelegate - Bootstrapping Spring Data JPA repositories in DEFAULT mode.
2024-03-29 17:42:39.805 [main] INFO  o.s.d.r.c.RepositoryConfigurationDelegate - Finished Spring Data repository scanning in 54 ms. Found 5 JPA repository interfaces.
2024-03-29 17:42:40.167 [main] INFO  o.s.b.w.e.tomcat.TomcatWebServer - Tomcat initialized with port 8080 (http)
2024-03-29 17:42:40.174 [main] INFO  o.a.coyote.http11.Http11NioProtocol - Initializing ProtocolHandler ["http-nio-8080"]
2024-03-29 17:42:40.176 [main] INFO  o.a.catalina.core.StandardService - Starting service [Tomcat]
2024-03-29 17:42:40.177 [main] INFO  o.a.catalina.core.StandardEngine - Starting Servlet engine: [Apache Tomcat/10.1.18]
2024-03-29 17:42:40.220 [main] INFO  o.a.c.c.C.[Tomcat].[localhost].[/] - Initializing Spring embedded WebApplicationContext
2024-03-29 17:42:40.220 [main] INFO  o.s.b.w.s.c.ServletWebServerApplicationContext - Root WebApplicationContext: initialization completed in 909 ms
2024-03-29 17:42:40.320 [main] INFO  com.zaxxer.hikari.HikariDataSource - HikariPool-1 - Starting...
2024-03-29 17:42:40.387 [main] INFO  com.zaxxer.hikari.pool.HikariPool - HikariPool-1 - Added connection org.mariadb.jdbc.Connection@6fa02932
2024-03-29 17:42:40.388 [main] INFO  com.zaxxer.hikari.HikariDataSource - HikariPool-1 - Start completed.
2024-03-29 17:42:40.423 [main] INFO  o.h.jpa.internal.util.LogHelper - HHH000204: Processing PersistenceUnitInfo [name: default]
2024-03-29 17:42:40.465 [main] INFO  org.hibernate.Version - HHH000412: Hibernate ORM core version 6.4.1.Final
2024-03-29 17:42:40.490 [main] INFO  o.h.c.i.RegionFactoryInitiator - HHH000026: Second-level cache disabled
2024-03-29 17:42:40.699 [main] INFO  o.s.o.j.p.SpringPersistenceUnitInfo - No LoadTimeWeaver setup: ignoring JPA class transformer
2024-03-29 17:42:41.390 [main] INFO  o.h.e.t.j.p.i.JtaPlatformInitiator - HHH000489: No JTA platform available (set 'hibernate.transaction.jta.platform' to enable JTA platform integration)
2024-03-29 17:42:41.392 [main] INFO  o.s.o.j.LocalContainerEntityManagerFactoryBean - Initialized JPA EntityManagerFactory for persistence unit 'default'
2024-03-29 17:42:41.555 [main] INFO  o.s.d.j.r.query.QueryEnhancerFactory - Hibernate is in classpath; If applicable, HQL parser will be used.
2024-03-29 17:42:41.915 [main] WARN  o.s.b.a.o.j.JpaBaseConfiguration$JpaWebConfiguration - spring.jpa.open-in-view is enabled by default. Therefore, database queries may be performed during view rendering. Explicitly configure spring.jpa.open-in-view to disable this warning
2024-03-29 17:42:42.140 [main] INFO  o.a.coyote.http11.Http11NioProtocol - Starting ProtocolHandler ["http-nio-8080"]
2024-03-29 17:42:42.155 [main] INFO  o.s.b.w.e.tomcat.TomcatWebServer - Tomcat started on port 8080 (http) with context path ''
2024-03-29 17:42:50.063 [http-nio-8080-exec-1] INFO  o.a.c.c.C.[Tomcat].[localhost].[/] - Initializing Spring DispatcherServlet 'dispatcherServlet'
2024-03-29 17:42:50.063 [http-nio-8080-exec-1] INFO  o.s.web.servlet.DispatcherServlet - Initializing Servlet 'dispatcherServlet'
2024-03-29 17:42:50.064 [http-nio-8080-exec-1] INFO  o.s.web.servlet.DispatcherServlet - Completed initialization in 0 ms
2024-03-29 17:42:50.226 [Thread-1] ERROR c.p.t.s.impl.ItineraryServiceImpl - Error in buffered reader Traceback (most recent call last):
  File "C:\Users\Iulia\Licenta-2024\geneticAlgorithm\AlgortimGenetic2\main.py", line 1, in <module>
    import redis
ModuleNotFoundError: No module named 'redis'

2024-03-29 18:08:36.483 [SpringApplicationShutdownHook] INFO  o.s.o.j.LocalContainerEntityManagerFactoryBean - Closing JPA EntityManagerFactory for persistence unit 'default'
2024-03-29 18:08:36.484 [SpringApplicationShutdownHook] INFO  com.zaxxer.hikari.HikariDataSource - HikariPool-1 - Shutdown initiated...
2024-03-29 18:08:36.488 [SpringApplicationShutdownHook] INFO  com.zaxxer.hikari.HikariDataSource - HikariPool-1 - Shutdown completed.
2024-03-29 18:08:40.058 [main] INFO  o.s.d.r.c.RepositoryConfigurationDelegate - Bootstrapping Spring Data JPA repositories in DEFAULT mode.
2024-03-29 18:08:40.115 [main] INFO  o.s.d.r.c.RepositoryConfigurationDelegate - Finished Spring Data repository scanning in 50 ms. Found 5 JPA repository interfaces.
2024-03-29 18:08:40.470 [main] INFO  o.s.b.w.e.tomcat.TomcatWebServer - Tomcat initialized with port 8080 (http)
2024-03-29 18:08:40.477 [main] INFO  o.a.coyote.http11.Http11NioProtocol - Initializing ProtocolHandler ["http-nio-8080"]
2024-03-29 18:08:40.479 [main] INFO  o.a.catalina.core.StandardService - Starting service [Tomcat]
2024-03-29 18:08:40.479 [main] INFO  o.a.catalina.core.StandardEngine - Starting Servlet engine: [Apache Tomcat/10.1.18]
2024-03-29 18:08:40.526 [main] INFO  o.a.c.c.C.[Tomcat].[localhost].[/] - Initializing Spring embedded WebApplicationContext
2024-03-29 18:08:40.526 [main] INFO  o.s.b.w.s.c.ServletWebServerApplicationContext - Root WebApplicationContext: initialization completed in 906 ms
2024-03-29 18:08:40.627 [main] INFO  com.zaxxer.hikari.HikariDataSource - HikariPool-1 - Starting...
2024-03-29 18:08:40.693 [main] INFO  com.zaxxer.hikari.pool.HikariPool - HikariPool-1 - Added connection org.mariadb.jdbc.Connection@63f40ca0
2024-03-29 18:08:40.694 [main] INFO  com.zaxxer.hikari.HikariDataSource - HikariPool-1 - Start completed.
2024-03-29 18:08:40.742 [main] INFO  o.h.jpa.internal.util.LogHelper - HHH000204: Processing PersistenceUnitInfo [name: default]
2024-03-29 18:08:40.782 [main] INFO  org.hibernate.Version - HHH000412: Hibernate ORM core version 6.4.1.Final
2024-03-29 18:08:40.807 [main] INFO  o.h.c.i.RegionFactoryInitiator - HHH000026: Second-level cache disabled
2024-03-29 18:08:41.000 [main] INFO  o.s.o.j.p.SpringPersistenceUnitInfo - No LoadTimeWeaver setup: ignoring JPA class transformer
2024-03-29 18:08:41.698 [main] INFO  o.h.e.t.j.p.i.JtaPlatformInitiator - HHH000489: No JTA platform available (set 'hibernate.transaction.jta.platform' to enable JTA platform integration)
2024-03-29 18:08:41.700 [main] INFO  o.s.o.j.LocalContainerEntityManagerFactoryBean - Initialized JPA EntityManagerFactory for persistence unit 'default'
2024-03-29 18:08:41.876 [main] INFO  o.s.d.j.r.query.QueryEnhancerFactory - Hibernate is in classpath; If applicable, HQL parser will be used.
2024-03-29 18:08:42.233 [main] WARN  o.s.b.a.o.j.JpaBaseConfiguration$JpaWebConfiguration - spring.jpa.open-in-view is enabled by default. Therefore, database queries may be performed during view rendering. Explicitly configure spring.jpa.open-in-view to disable this warning
2024-03-29 18:08:42.462 [main] INFO  o.a.coyote.http11.Http11NioProtocol - Starting ProtocolHandler ["http-nio-8080"]
2024-03-29 18:08:42.474 [main] INFO  o.s.b.w.e.tomcat.TomcatWebServer - Tomcat started on port 8080 (http) with context path ''
2024-03-29 18:08:52.909 [http-nio-8080-exec-1] INFO  o.a.c.c.C.[Tomcat].[localhost].[/] - Initializing Spring DispatcherServlet 'dispatcherServlet'
2024-03-29 18:08:52.909 [http-nio-8080-exec-1] INFO  o.s.web.servlet.DispatcherServlet - Initializing Servlet 'dispatcherServlet'
2024-03-29 18:08:52.910 [http-nio-8080-exec-1] INFO  o.s.web.servlet.DispatcherServlet - Completed initialization in 1 ms
2024-03-29 18:10:01.890 [Thread-1] ERROR c.p.t.s.impl.ItineraryServiceImpl - Error in buffered reader 
2024-03-29 18:46:31.811 [SpringApplicationShutdownHook] INFO  o.s.o.j.LocalContainerEntityManagerFactoryBean - Closing JPA EntityManagerFactory for persistence unit 'default'
2024-03-29 18:46:31.812 [SpringApplicationShutdownHook] INFO  com.zaxxer.hikari.HikariDataSource - HikariPool-1 - Shutdown initiated...
2024-03-29 18:46:31.815 [SpringApplicationShutdownHook] INFO  com.zaxxer.hikari.HikariDataSource - HikariPool-1 - Shutdown completed.
2024-03-29 18:46:35.052 [main] INFO  c.p.tripevolve.TripEvolveApplication - Starting TripEvolveApplication using Java 20 with PID 15484 (C:\Users\Iulia\Licenta-2024\backend\TripEvolve\target\classes started by Iulia in C:\Users\Iulia\Licenta-2024\backend\TripEvolve)
2024-03-29 18:46:35.054 [main] INFO  c.p.tripevolve.TripEvolveApplication - No active profile set, falling back to 1 default profile: "default"
2024-03-29 18:46:35.520 [main] INFO  o.s.d.r.c.RepositoryConfigurationDelegate - Bootstrapping Spring Data JPA repositories in DEFAULT mode.
2024-03-29 18:46:35.577 [main] INFO  o.s.d.r.c.RepositoryConfigurationDelegate - Finished Spring Data repository scanning in 51 ms. Found 5 JPA repository interfaces.
2024-03-29 18:46:35.945 [main] INFO  o.s.b.w.e.tomcat.TomcatWebServer - Tomcat initialized with port 8080 (http)
2024-03-29 18:46:35.954 [main] INFO  o.a.coyote.http11.Http11NioProtocol - Initializing ProtocolHandler ["http-nio-8080"]
2024-03-29 18:46:35.956 [main] INFO  o.a.catalina.core.StandardService - Starting service [Tomcat]
2024-03-29 18:46:35.956 [main] INFO  o.a.catalina.core.StandardEngine - Starting Servlet engine: [Apache Tomcat/10.1.18]
2024-03-29 18:46:36.029 [main] INFO  o.a.c.c.C.[Tomcat].[localhost].[/] - Initializing Spring embedded WebApplicationContext
2024-03-29 18:46:36.030 [main] INFO  o.s.b.w.s.c.ServletWebServerApplicationContext - Root WebApplicationContext: initialization completed in 946 ms
2024-03-29 18:46:36.125 [main] INFO  com.zaxxer.hikari.HikariDataSource - HikariPool-1 - Starting...
2024-03-29 18:46:36.192 [main] INFO  com.zaxxer.hikari.pool.HikariPool - HikariPool-1 - Added connection org.mariadb.jdbc.Connection@5fed9976
2024-03-29 18:46:36.193 [main] INFO  com.zaxxer.hikari.HikariDataSource - HikariPool-1 - Start completed.
2024-03-29 18:46:36.237 [main] INFO  o.h.jpa.internal.util.LogHelper - HHH000204: Processing PersistenceUnitInfo [name: default]
2024-03-29 18:46:36.277 [main] INFO  org.hibernate.Version - HHH000412: Hibernate ORM core version 6.4.1.Final
2024-03-29 18:46:36.304 [main] INFO  o.h.c.i.RegionFactoryInitiator - HHH000026: Second-level cache disabled
2024-03-29 18:46:36.496 [main] INFO  o.s.o.j.p.SpringPersistenceUnitInfo - No LoadTimeWeaver setup: ignoring JPA class transformer
2024-03-29 18:46:37.193 [main] INFO  o.h.e.t.j.p.i.JtaPlatformInitiator - HHH000489: No JTA platform available (set 'hibernate.transaction.jta.platform' to enable JTA platform integration)
2024-03-29 18:46:37.195 [main] INFO  o.s.o.j.LocalContainerEntityManagerFactoryBean - Initialized JPA EntityManagerFactory for persistence unit 'default'
2024-03-29 18:46:37.369 [main] INFO  o.s.d.j.r.query.QueryEnhancerFactory - Hibernate is in classpath; If applicable, HQL parser will be used.
2024-03-29 18:46:37.727 [main] WARN  o.s.b.a.o.j.JpaBaseConfiguration$JpaWebConfiguration - spring.jpa.open-in-view is enabled by default. Therefore, database queries may be performed during view rendering. Explicitly configure spring.jpa.open-in-view to disable this warning
2024-03-29 18:46:37.958 [main] INFO  o.a.coyote.http11.Http11NioProtocol - Starting ProtocolHandler ["http-nio-8080"]
2024-03-29 18:46:37.971 [main] INFO  o.s.b.w.e.tomcat.TomcatWebServer - Tomcat started on port 8080 (http) with context path ''
2024-03-29 18:46:37.980 [main] INFO  c.p.tripevolve.TripEvolveApplication - Started TripEvolveApplication in 3.193 seconds (process running for 3.807)
2024-03-29 18:47:03.288 [http-nio-8080-exec-1] INFO  o.a.c.c.C.[Tomcat].[localhost].[/] - Initializing Spring DispatcherServlet 'dispatcherServlet'
2024-03-29 18:47:03.288 [http-nio-8080-exec-1] INFO  o.s.web.servlet.DispatcherServlet - Initializing Servlet 'dispatcherServlet'
2024-03-29 18:47:03.289 [http-nio-8080-exec-1] INFO  o.s.web.servlet.DispatcherServlet - Completed initialization in 1 ms
2024-03-29 18:47:03.377 [http-nio-8080-exec-2] INFO  c.p.t.s.impl.ItineraryServiceImpl - Generating schedule...
2024-03-29 18:47:15.493 [main] INFO  c.p.tripevolve.TripEvolveApplication - Starting TripEvolveApplication using Java 20 with PID 13112 (C:\Users\Iulia\Licenta-2024\backend\TripEvolve\target\classes started by Iulia in C:\Users\Iulia\Licenta-2024\backend\TripEvolve)
2024-03-29 18:47:15.495 [main] INFO  c.p.tripevolve.TripEvolveApplication - No active profile set, falling back to 1 default profile: "default"
2024-03-29 18:47:16.029 [main] INFO  o.s.d.r.c.RepositoryConfigurationDelegate - Bootstrapping Spring Data JPA repositories in DEFAULT mode.
2024-03-29 18:47:16.092 [main] INFO  o.s.d.r.c.RepositoryConfigurationDelegate - Finished Spring Data repository scanning in 57 ms. Found 5 JPA repository interfaces.
2024-03-29 18:47:16.489 [main] INFO  o.s.b.w.e.tomcat.TomcatWebServer - Tomcat initialized with port 8080 (http)
2024-03-29 18:47:16.496 [main] INFO  o.a.coyote.http11.Http11NioProtocol - Initializing ProtocolHandler ["http-nio-8080"]
2024-03-29 18:47:16.499 [main] INFO  o.a.catalina.core.StandardService - Starting service [Tomcat]
2024-03-29 18:47:16.500 [main] INFO  o.a.catalina.core.StandardEngine - Starting Servlet engine: [Apache Tomcat/10.1.18]
2024-03-29 18:47:16.545 [main] INFO  o.a.c.c.C.[Tomcat].[localhost].[/] - Initializing Spring embedded WebApplicationContext
2024-03-29 18:47:16.545 [main] INFO  o.s.b.w.s.c.ServletWebServerApplicationContext - Root WebApplicationContext: initialization completed in 1019 ms
2024-03-29 18:47:16.656 [main] INFO  com.zaxxer.hikari.HikariDataSource - HikariPool-1 - Starting...
2024-03-29 18:47:16.730 [main] INFO  com.zaxxer.hikari.pool.HikariPool - HikariPool-1 - Added connection org.mariadb.jdbc.Connection@677ce519
2024-03-29 18:47:16.732 [main] INFO  com.zaxxer.hikari.HikariDataSource - HikariPool-1 - Start completed.
2024-03-29 18:47:16.777 [main] INFO  o.h.jpa.internal.util.LogHelper - HHH000204: Processing PersistenceUnitInfo [name: default]
2024-03-29 18:47:16.821 [main] INFO  org.hibernate.Version - HHH000412: Hibernate ORM core version 6.4.1.Final
2024-03-29 18:47:16.847 [main] INFO  o.h.c.i.RegionFactoryInitiator - HHH000026: Second-level cache disabled
2024-03-29 18:47:17.039 [main] INFO  o.s.o.j.p.SpringPersistenceUnitInfo - No LoadTimeWeaver setup: ignoring JPA class transformer
2024-03-29 18:47:17.834 [main] INFO  o.h.e.t.j.p.i.JtaPlatformInitiator - HHH000489: No JTA platform available (set 'hibernate.transaction.jta.platform' to enable JTA platform integration)
2024-03-29 18:47:17.837 [main] INFO  o.s.o.j.LocalContainerEntityManagerFactoryBean - Initialized JPA EntityManagerFactory for persistence unit 'default'
2024-03-29 18:47:18.034 [main] INFO  o.s.d.j.r.query.QueryEnhancerFactory - Hibernate is in classpath; If applicable, HQL parser will be used.
2024-03-29 18:47:18.424 [main] WARN  o.s.b.a.o.j.JpaBaseConfiguration$JpaWebConfiguration - spring.jpa.open-in-view is enabled by default. Therefore, database queries may be performed during view rendering. Explicitly configure spring.jpa.open-in-view to disable this warning
2024-03-29 18:47:18.664 [main] INFO  o.a.coyote.http11.Http11NioProtocol - Starting ProtocolHandler ["http-nio-8080"]
2024-03-29 18:47:18.677 [main] INFO  o.s.b.w.e.tomcat.TomcatWebServer - Tomcat started on port 8080 (http) with context path ''
2024-03-29 18:47:18.685 [main] INFO  c.p.tripevolve.TripEvolveApplication - Started TripEvolveApplication in 3.467 seconds (process running for 4.088)
2024-03-29 18:47:39.333 [http-nio-8080-exec-1] INFO  o.a.c.c.C.[Tomcat].[localhost].[/] - Initializing Spring DispatcherServlet 'dispatcherServlet'
2024-03-29 18:47:39.334 [http-nio-8080-exec-1] INFO  o.s.web.servlet.DispatcherServlet - Initializing Servlet 'dispatcherServlet'
2024-03-29 18:47:39.335 [http-nio-8080-exec-1] INFO  o.s.web.servlet.DispatcherServlet - Completed initialization in 1 ms
2024-03-29 18:47:39.414 [http-nio-8080-exec-2] INFO  c.p.t.s.impl.ItineraryServiceImpl - Generating schedule...
2024-03-29 18:47:44.780 [Thread-1] ERROR c.p.t.s.impl.ItineraryServiceImpl - Error in buffered reader 
2024-03-29 18:47:44.781 [http-nio-8080-exec-2] INFO  c.p.t.s.impl.ItineraryServiceImpl - Exited with error code 0
2024-03-29 18:47:44.781 [http-nio-8080-exec-2] INFO  c.p.t.s.impl.ItineraryServiceImpl - Action completed successfully.Ziua 1:
Mausoleo di Augusto intre 09:00 si 10:00. Mergi 97 minute pana la:  
Villa Lazzaroni intre 11:37 si 13:07. Mergi 91 minute pana la:  
Villa Medici intre 14:38 si 16:08. Mergi 17 minute pana la:  
Chiesa di Sant'Andrea al Quirinale intre 16:25 si 17:25. Mergi 17 minute pana la:  
Basilica di Santa Prassede intre 17:43 si 18:43. Mergi 139 minute pana la:  
Parco Naturale Regionale Appia Antica intre 21:02 si 22:32


Execution time: 5.069772481918335

2024-03-29 18:54:10.970 [SpringApplicationShutdownHook] INFO  o.s.o.j.LocalContainerEntityManagerFactoryBean - Closing JPA EntityManagerFactory for persistence unit 'default'
2024-03-29 18:54:10.972 [SpringApplicationShutdownHook] INFO  com.zaxxer.hikari.HikariDataSource - HikariPool-1 - Shutdown initiated...
2024-03-29 18:54:10.976 [SpringApplicationShutdownHook] INFO  com.zaxxer.hikari.HikariDataSource - HikariPool-1 - Shutdown completed.
2024-03-29 18:54:14.094 [main] INFO  c.p.tripevolve.TripEvolveApplication - Starting TripEvolveApplication using Java 20 with PID 17288 (C:\Users\Iulia\Licenta-2024\backend\TripEvolve\target\classes started by Iulia in C:\Users\Iulia\Licenta-2024\backend\TripEvolve)
2024-03-29 18:54:14.096 [main] INFO  c.p.tripevolve.TripEvolveApplication - No active profile set, falling back to 1 default profile: "default"
2024-03-29 18:54:14.567 [main] INFO  o.s.d.r.c.RepositoryConfigurationDelegate - Bootstrapping Spring Data JPA repositories in DEFAULT mode.
2024-03-29 18:54:14.622 [main] INFO  o.s.d.r.c.RepositoryConfigurationDelegate - Finished Spring Data repository scanning in 49 ms. Found 5 JPA repository interfaces.
2024-03-29 18:54:15.017 [main] INFO  o.s.b.w.e.tomcat.TomcatWebServer - Tomcat initialized with port 8080 (http)
2024-03-29 18:54:15.027 [main] INFO  o.a.coyote.http11.Http11NioProtocol - Initializing ProtocolHandler ["http-nio-8080"]
2024-03-29 18:54:15.030 [main] INFO  o.a.catalina.core.StandardService - Starting service [Tomcat]
2024-03-29 18:54:15.031 [main] INFO  o.a.catalina.core.StandardEngine - Starting Servlet engine: [Apache Tomcat/10.1.18]
2024-03-29 18:54:15.088 [main] INFO  o.a.c.c.C.[Tomcat].[localhost].[/] - Initializing Spring embedded WebApplicationContext
2024-03-29 18:54:15.088 [main] INFO  o.s.b.w.s.c.ServletWebServerApplicationContext - Root WebApplicationContext: initialization completed in 958 ms
2024-03-29 18:54:15.216 [main] INFO  com.zaxxer.hikari.HikariDataSource - HikariPool-1 - Starting...
2024-03-29 18:54:15.298 [main] INFO  com.zaxxer.hikari.pool.HikariPool - HikariPool-1 - Added connection org.mariadb.jdbc.Connection@592ca48c
2024-03-29 18:54:15.301 [main] INFO  com.zaxxer.hikari.HikariDataSource - HikariPool-1 - Start completed.
2024-03-29 18:54:15.342 [main] INFO  o.h.jpa.internal.util.LogHelper - HHH000204: Processing PersistenceUnitInfo [name: default]
2024-03-29 18:54:15.395 [main] INFO  org.hibernate.Version - HHH000412: Hibernate ORM core version 6.4.1.Final
2024-03-29 18:54:15.429 [main] INFO  o.h.c.i.RegionFactoryInitiator - HHH000026: Second-level cache disabled
2024-03-29 18:54:15.632 [main] INFO  o.s.o.j.p.SpringPersistenceUnitInfo - No LoadTimeWeaver setup: ignoring JPA class transformer
2024-03-29 18:54:16.353 [main] INFO  o.h.e.t.j.p.i.JtaPlatformInitiator - HHH000489: No JTA platform available (set 'hibernate.transaction.jta.platform' to enable JTA platform integration)
2024-03-29 18:54:16.355 [main] INFO  o.s.o.j.LocalContainerEntityManagerFactoryBean - Initialized JPA EntityManagerFactory for persistence unit 'default'
2024-03-29 18:54:16.531 [main] INFO  o.s.d.j.r.query.QueryEnhancerFactory - Hibernate is in classpath; If applicable, HQL parser will be used.
2024-03-29 18:54:16.886 [main] WARN  o.s.b.a.o.j.JpaBaseConfiguration$JpaWebConfiguration - spring.jpa.open-in-view is enabled by default. Therefore, database queries may be performed during view rendering. Explicitly configure spring.jpa.open-in-view to disable this warning
2024-03-29 18:54:17.111 [main] INFO  o.a.coyote.http11.Http11NioProtocol - Starting ProtocolHandler ["http-nio-8080"]
2024-03-29 18:54:17.124 [main] INFO  o.s.b.w.e.tomcat.TomcatWebServer - Tomcat started on port 8080 (http) with context path ''
2024-03-29 18:54:17.133 [main] INFO  c.p.tripevolve.TripEvolveApplication - Started TripEvolveApplication in 3.315 seconds (process running for 3.945)
2024-03-29 18:54:41.538 [http-nio-8080-exec-1] INFO  o.a.c.c.C.[Tomcat].[localhost].[/] - Initializing Spring DispatcherServlet 'dispatcherServlet'
2024-03-29 18:54:41.539 [http-nio-8080-exec-1] INFO  o.s.web.servlet.DispatcherServlet - Initializing Servlet 'dispatcherServlet'
2024-03-29 18:54:41.540 [http-nio-8080-exec-1] INFO  o.s.web.servlet.DispatcherServlet - Completed initialization in 1 ms
2024-03-29 18:54:41.623 [http-nio-8080-exec-2] INFO  c.p.t.s.impl.ItineraryServiceImpl - Generating schedule...
2024-03-29 18:54:47.058 [Thread-1] ERROR c.p.t.s.impl.ItineraryServiceImpl - Error in buffered reader 
2024-03-29 18:54:47.059 [http-nio-8080-exec-2] INFO  c.p.t.s.impl.ItineraryServiceImpl - Exited with error code 0
2024-03-29 18:54:47.059 [http-nio-8080-exec-2] INFO  c.p.t.s.impl.ItineraryServiceImpl - Action completed successfully.Ziua 1:
Parco Luciano Ricca intre 09:00 si 10:30. Mergi 198 minute pana la:  
Chiesa di Sant'Andrea al Quirinale intre 13:48 si 14:48. Mergi 309 minute pana la:  
Orizzonte intre 19:57 si 21:57. Mergi 7 minute pana la:  
Castel Romano Designer Outlet intre 22:05 si 24:05. Mergi 267 minute pana la:  
Chiesa del Domine Quo Vadis intre 28:33 si 29:33. Mergi 16 minute pana la:  
Parco degli Scipioni intre 29:49 si 31:19


Execution time: 5.140380144119263

2024-03-29 18:55:57.707 [http-nio-8080-exec-5] INFO  c.p.t.s.impl.ItineraryServiceImpl - Generating schedule...
2024-03-29 18:56:02.992 [Thread-2] ERROR c.p.t.s.impl.ItineraryServiceImpl - Error in buffered reader 
2024-03-29 18:56:02.992 [http-nio-8080-exec-5] INFO  c.p.t.s.impl.ItineraryServiceImpl - Exited with error code 0
2024-03-29 18:56:02.993 [http-nio-8080-exec-5] INFO  c.p.t.s.impl.ItineraryServiceImpl - Action completed successfully.Ziua 1:
Parco regionale di Veio intre 09:00 si 10:30. Mergi 277 minute pana la:  
Villa Medici intre 15:07 si 16:37. Mergi 19 minute pana la:  
Chiesa di San Luigi dei Francesi intre 16:57 si 17:57. Mergi 11 minute pana la:  
Mausoleo di Augusto intre 18:08 si 19:08. Mergi 53 minute pana la:  
Terme di Caracalla intre 20:01 si 21:01. Mergi 15 minute pana la:  
Parco degli Scipioni intre 21:16 si 22:46


Execution time: 4.9957664012908936

2024-03-29 19:00:52.851 [http-nio-8080-exec-8] INFO  c.p.t.s.impl.ItineraryServiceImpl - Generating schedule...
2024-03-29 19:01:27.439 [Thread-3] ERROR c.p.t.s.impl.ItineraryServiceImpl - Error in buffered reader 
2024-03-29 19:01:27.439 [http-nio-8080-exec-8] INFO  c.p.t.s.impl.ItineraryServiceImpl - Exited with error code 0
2024-03-29 19:01:27.440 [http-nio-8080-exec-8] INFO  c.p.t.s.impl.ItineraryServiceImpl - Action completed successfully.Ziua 1:
Museo della Civiltà Romana intre 09:00 si 10:00. Mergi 112 minute pana la:  
Chiesa di San Luigi dei Francesi intre 11:52 si 12:52. Mergi 19 minute pana la:  
Spirito Divino intre 13:12 si 15:12. Mergi 1 minute pana la:  
Basilica di Santa Cecilia in Trastevere intre 15:14 si 16:14. Mergi 12 minute pana la:  
Galleria Spada intre 16:26 si 17:26. Mergi 9 minute pana la:  
Trattoria Da Lucia intre 17:35 si 19:35


Execution time: 34.29604530334473

2024-03-29 22:00:44.366 [SpringApplicationShutdownHook] INFO  o.s.o.j.LocalContainerEntityManagerFactoryBean - Closing JPA EntityManagerFactory for persistence unit 'default'
2024-03-29 22:00:44.367 [SpringApplicationShutdownHook] INFO  com.zaxxer.hikari.HikariDataSource - HikariPool-1 - Shutdown initiated...
2024-03-29 22:00:44.370 [SpringApplicationShutdownHook] INFO  com.zaxxer.hikari.HikariDataSource - HikariPool-1 - Shutdown completed.
