2024-04-12 13:40:25.259 [HikariPool-1 housekeeper] WARN  com.zaxxer.hikari.pool.HikariPool - HikariPool-1 - Thread starvation or clock leap detected (housekeeper delta=1d25m29s596ms12µs100ns).
2024-04-12 13:41:21.546 [HikariPool-1 housekeeper] WARN  com.zaxxer.hikari.pool.HikariPool - HikariPool-1 - Thread starvation or clock leap detected (housekeeper delta=1m617ms278µs300ns).
2024-04-12 14:35:34.751 [http-nio-8080-exec-7] INFO  c.p.t.s.impl.ItineraryServiceImpl - Generating schedule...
2024-04-12 14:37:01.731 [Thread-1] ERROR c.p.t.s.impl.ItineraryServiceImpl - Error in buffered reader 
2024-04-12 14:37:01.731 [http-nio-8080-exec-7] INFO  c.p.t.s.impl.ItineraryServiceImpl - Exited with error code 0
2024-04-12 14:37:01.732 [http-nio-8080-exec-7] INFO  c.p.t.s.impl.ItineraryServiceImpl - Action completed successfully.[
  {
    "id": 2,
    "name": "\"Palas\" Public Garden",
    "arrival_hour": "09:00",
    "leave_hour": "11:00",
    "duration": 2,
    "lat": 47.15675359999999,
    "lng": 27.5875209,
    "address": "Strada Palat nr. 3, Iași 700259, Romania",
    "photo": [
      {
        "height": 9000,
        "html_attributions": [
          "<a href=\"https://maps.google.com/maps/contrib/108113607020884697794\">Allexis Paniciuc</a>"
        ],
        "photo_reference": "ATplDJYVHEbviVoMCcAJ7eTrRFVptGzxk4lBR5dGBXjBeJuvr1NwdFF40Z2XJkHGMtYmDIsNta0kI2MxYFQq-IqvgBKQThLPm7CyZrAV8k1W1LO8KKUMtxRzciTpY0gbmZTMqGU-jLuITegImKACqPxTDfOcw4cMPNjT9Wk4LHD87e3DfXIJ",
        "width": 12000
      }
    ],
    "type": "tourist_attraction",
    "rating": 4.8,
    "nr_reviews": 11054,
    "day": 1,
    "best_start": "Th",
    "order": 1
  },
  {
    "id": 50,
    "name": "Fenice Palas Iași",
    "arrival_hour": "11:02",
    "leave_hour": "13:02",
    "duration": 2,
    "lat": 47.155693,
    "lng": 27.58671,
    "address": "Strada Palas 3F, Iași 700032, Romania",
    "photo": [
      {
        "height": 2400,
        "html_attributions": [
          "<a href=\"https://maps.google.com/maps/contrib/100231639019985708505\">A Google User</a>"
        ],
        "photo_reference": "ATplDJaAp6BQwa25TgFCkqu-J0-6nydRolwhxL8nyaW_66NCRzcclIXs3bJvuJ535AbBpaAxupYjOvs8-hKA5pPXX8tmKF5yBNel2UYUsDkhq1-aa9aV-wz1X4_irsA0xbKX22NGecyIce_pql019rP-MuqxDoiWsFE3g4xLP4FHRPKdaj0w",
        "width": 3600
      }
    ],
    "type": "restaurant",
    "rating": 4.5,
    "nr_reviews": 3166,
    "day": 1,
    "best_start": "Th",
    "order": 2
  },
  {
    "id": 8,
    "name": "Palace of Culture",
    "arrival_hour": "13:05",
    "leave_hour": "15:05",
    "duration": 11,
    "lat": 47.1574351,
    "lng": 27.586461,
    "address": "Bulevardul Ștefan cel Mare și Sfânt 1, Iași 700028, Romania",
    "photo": [
      {
        "height": 9000,
        "html_attributions": [
          "<a href=\"https://maps.google.com/maps/contrib/110599303352313505266\">giovani italianu</a>"
        ],
        "photo_reference": "ATplDJZKkTaDfEJ4llTkbvj8gnp6QW6JjGBYWUU-BaSUBrLg138Z7VMvjyyzsWLpw0LxxzilGNCl5TL_IGNkXxOs4bZ7gG9v6ZaNIoBhm_CL5pTyctsQQC1d2iC8BsKqyX0FTR8cV91D6y0adceWt09ryAO-etms-tX3mu2VIyByNyWuya1-",
        "width": 12000
      }
    ],
    "type": "museum",
    "rating": 4.8,
    "nr_reviews": 14192,
    "day": 1,
    "best_start": "Th",
    "order": 3
  },
  {
    "id": 43,
    "name": "Parc Podu Roş",
    "arrival_hour": "15:17",
    "leave_hour": "16:47",
    "duration": 6,
    "lat": 47.1511337,
    "lng": 27.5897689,
    "address": "Bloc V1, Bulevardul Țuțora 1, Iași 700161, Romania",
    "photo": [
      {
        "height": 3000,
        "html_attributions": [
          "<a href=\"https://maps.google.com/maps/contrib/114266911815399951845\">A Google User</a>"
        ],
        "photo_reference": "ATplDJYv7NEVieC8SKpeg7uQlRu7VtMt1dGOfOyqITbD2Wvnq5MvO3GgojKHD4Cb6WzVdv4URjboxTo3kY2bhFYwAG_bL4t9yaoXganXIDq9qkS8ccYd6Dq0zvJOw48UA-0WgsBxPiswywjo1zO8nNYjtkPzjDbOnCms0e6iAMYDqp-EC2Ts",
        "width": 4000
      }
    ],
    "type": "park",
    "rating": 4.6,
    "nr_reviews": 67,
    "day": 1,
    "best_start": "Th",
    "order": 4
  },
  {
    "id": 54,
    "name": "RESTAURANT COTNARI",
    "arrival_hour": "16:53",
    "leave_hour": "18:53",
    "duration": -1,
    "lat": 47.1476595,
    "lng": 27.5913913,
    "address": "Bulevardul Socola 16, Iași 700186, Romania",
    "photo": [
      {
        "height": 640,
        "html_attributions": [
          "<a href=\"https://maps.google.com/maps/contrib/108970377108231246488\">A Google User</a>"
        ],
        "photo_reference": "ATplDJaXYyYzB4yox8Kfnazy9R6oEzqtAALtaixHcWS88hCqCDo7UX4UYQocQokA0oCa3liVVu0biW0fVnoAtg1LH1kbbRE8RkPq4Gt1b7-7r_LVAWu4inRyi9J2znsCmtOcffv-nsbIvIwVRgupnIY9Pig96t45q5wVLCEi3Vze7OWnBn7f",
        "width": 960
      }
    ],
    "type": "restaurant",
    "rating": 4.1,
    "nr_reviews": 865,
    "day": 1,
    "best_start": "Th",
    "order": 5
  },
  {
    "id": 49,
    "name": "Little Texas",
    "arrival_hour": "09:00",
    "leave_hour": "10:30",
    "duration": 34,
    "lat": 47.1748725,
    "lng": 27.5977629,
    "address": "Stradela Moara de Vânt nr. 31-33, Iași 700376, Romania",
    "photo": [
      {
        "height": 3072,
        "html_attributions": [
          "<a href=\"https://maps.google.com/maps/contrib/110055754620989967267\">Jürgen Braun</a>"
        ],
        "photo_reference": "ATplDJbdWs6Mr8ApwaxuEjxcxCZbtBBoCX1KXWss5001YWhx47vHY5aiqSBB0Q5qX_yWdshlxpLRi1eO6X1YaCqCTlhlWyKAjpqKDkfMejNTYAhITlouB1wmRvpDzkA_--T-YoOKpCejPg3L0xs-_zD9G3aUvwL8j82UtVJ8UMSB8vUevC3p",
        "width": 4080
      }
    ],
    "type": "park",
    "rating": 4.5,
    "nr_reviews": 3153,
    "day": 2,
    "best_start": "Th",
    "order": 1
  },
  {
    "id": 59,
    "name": "Salsa",
    "arrival_hour": "11:04",
    "leave_hour": "13:04",
    "duration": 7,
    "lat": 47.1555635,
    "lng": 27.5905974,
    "address": "Strada Sfântul Lazăr 27, Iași 700259, Romania",
    "photo": [
      {
        "height": 2736,
        "html_attributions": [
          "<a href=\"https://maps.google.com/maps/contrib/104806027589764822634\">Vlad Sofronie</a>"
        ],
        "photo_reference": "ATplDJY0f-IUC9jKSekyZXshm1Bg6ai5mSPYa8IsbMu0KNq4WtFkPvnGh4nu0ozI1dH4NtegE4-IVmlcG8abBIWERVHeCMi4RUaM0agK0UKfIF5tFoqos6yCxVH8mQEY-xsCgLTpoWXe5Mgx4XfdeJSCuK36dpigOhTtnrg93jkZJbOGMiYr",
        "width": 3648
      }
    ],
    "type": "restaurant",
    "rating": 4.5,
    "nr_reviews": 1718,
    "day": 2,
    "best_start": "Th",
    "order": 2
  },
  {
    "id": 39,
    "name": "Podu Roș Park (Queen Mary of Romania)",
    "arrival_hour": "13:11",
    "leave_hour": "14:41",
    "duration": 18,
    "lat": 47.1529191,
    "lng": 27.5872749,
    "address": "Unnamed Road, Iași 700259, Romania",
    "photo": [
      {
        "height": 3024,
        "html_attributions": [
          "<a href=\"https://maps.google.com/maps/contrib/106160528941453847765\">Liviu Gherman</a>"
        ],
        "photo_reference": "ATplDJZ-MC8hIppKbdlcZkE-RZwZK1L1lHTkRDz8XBQvntC3sndJgrZzFgG2kU00abtXbXJKp-dUU3i1Dc6H335j4wJEhvHHM_RWvDHZPMFFDEEq49-bStesz92dBPTADc5-W8jkpCj_9Jq-ujvsjSZjmzT1b2VppqeRgSQTdIi1RA4L6isW",
        "width": 4032
      }
    ],
    "type": "park",
    "rating": 4.5,
    "nr_reviews": 269,
    "day": 2,
    "best_start": "Th",
    "order": 3
  },
  {
    "id": 20,
    "name": "Muzeul Municipal \"Regina Maria\" - Iași",
    "arrival_hour": "14:59",
    "leave_hour": "16:59",
    "duration": 3,
    "lat": 47.159754,
    "lng": 27.5958167,
    "address": "Strada Zmeu 3, Iași 700400, Romania",
    "photo": [
      {
        "height": 8683,
        "html_attributions": [
          "<a href=\"https://maps.google.com/maps/contrib/117434141578781660382\">adrian rotariu</a>"
        ],
        "photo_reference": "ATplDJYDVvjRWN1wRZRMjHqZ8dMq_E3XXKFF0oSqw68crSQaaunqgTneGaRUVMep0TskOOjtX-xVqivNYK52x0r6a1qDvwuhT8sXPJOr1dyUJYF8xXqZGvCDghw6IpAkYj1J8WeaZgoKXeyUcNxRz47LzCoo5oF2AjGENxUe2Ky4EV0Yihha",
        "width": 12217
      }
    ],
    "type": "museum",
    "rating": 4.6,
    "nr_reviews": 569,
    "day": 2,
    "best_start": "Th",
    "order": 4
  },
  {
    "id": 65,
    "name": "La Cao",
    "arrival_hour": "17:03",
    "leave_hour": "19:03",
    "duration": -1,
    "lat": 47.1581474,
    "lng": 27.5975947,
    "address": "Strada Smârdan nr. 28, Iași 700259, Romania",
    "photo": [
      {
        "height": 540,
        "html_attributions": [
          "<a href=\"https://maps.google.com/maps/contrib/106840990826498470799\">A Google User</a>"
        ],
        "photo_reference": "ATplDJaDSbIN9u4dtnKgpu7tT23mTLnQhewZj-tDQjC9rdX9s2Aq5L4LymD5TMrNYFVueu5aYOHyrk3fVXTQGqj8ZiDA99-6Gl3nryaU5hgyyqFp19BN8vN831n8rxqtZXtQtLnO1Uo1v-vAgGGRR7DswOmVs8B8KPYOx2fDNQhPHc75X0fw",
        "width": 720
      }
    ],
    "type": "restaurant",
    "rating": 4.4,
    "nr_reviews": 1078,
    "day": 2,
    "best_start": "Th",
    "order": 5
  }
]

2024-04-12 14:53:17.984 [http-nio-8080-exec-8] INFO  c.p.t.s.impl.ItineraryServiceImpl - Generating schedule...
2024-04-12 14:54:03.023 [Thread-2] ERROR c.p.t.s.impl.ItineraryServiceImpl - Error in buffered reader 
2024-04-12 14:54:03.023 [http-nio-8080-exec-8] INFO  c.p.t.s.impl.ItineraryServiceImpl - Exited with error code 0
2024-04-12 14:54:03.024 [http-nio-8080-exec-8] INFO  c.p.t.s.impl.ItineraryServiceImpl - Action completed successfully.[
  {
    "id": 10,
    "name": "Metropolitan Cathedral Iasi",
    "arrival_hour": "09:00",
    "leave_hour": "11:00",
    "duration": 12,
    "lat": 47.1615274,
    "lng": 27.5820172,
    "address": "Bulevardul Ștefan cel Mare și Sfânt 16, Iași 700064, Romania",
    "photo": [
      {
        "height": 4032,
        "html_attributions": [
          "<a href=\"https://maps.google.com/maps/contrib/106160528941453847765\">Liviu Gherman</a>"
        ],
        "photo_reference": "ATplDJa6WEHvU8PkMR6dKeDelXVJehOmYmCOrqbPE444zBIPBOIsfXeGvFdLB2FmkvWW7h9U3ZSIPxsdCZ76aZe47neq1463GqUgIoec3Q84KKi77sNG7fWmencfFe4eFnJdixgvRN05e8BV6RQFzIMDlsq36onlnv2oT14g_k9P-jkieaE7",
        "width": 3024
      }
    ],
    "type": "tourist_attraction",
    "rating": 4.8,
    "nr_reviews": 12303,
    "day": 1,
    "best_start": "Sa",
    "order": 1
  },
  {
    "id": 50,
    "name": "Fenice Palas Iași",
    "arrival_hour": "11:12",
    "leave_hour": "13:12",
    "duration": 2,
    "lat": 47.155693,
    "lng": 27.58671,
    "address": "Strada Palas 3F, Iași 700032, Romania",
    "photo": [
      {
        "height": 2400,
        "html_attributions": [
          "<a href=\"https://maps.google.com/maps/contrib/100231639019985708505\">A Google User</a>"
        ],
        "photo_reference": "ATplDJaAp6BQwa25TgFCkqu-J0-6nydRolwhxL8nyaW_66NCRzcclIXs3bJvuJ535AbBpaAxupYjOvs8-hKA5pPXX8tmKF5yBNel2UYUsDkhq1-aa9aV-wz1X4_irsA0xbKX22NGecyIce_pql019rP-MuqxDoiWsFE3g4xLP4FHRPKdaj0w",
        "width": 3600
      }
    ],
    "type": "restaurant",
    "rating": 4.5,
    "nr_reviews": 3166,
    "day": 1,
    "best_start": "Sa",
    "order": 2
  },
  {
    "id": 8,
    "name": "Palace of Culture",
    "arrival_hour": "13:15",
    "leave_hour": "15:15",
    "duration": 7,
    "lat": 47.1574351,
    "lng": 27.586461,
    "address": "Bulevardul Ștefan cel Mare și Sfânt 1, Iași 700028, Romania",
    "photo": [
      {
        "height": 9000,
        "html_attributions": [
          "<a href=\"https://maps.google.com/maps/contrib/110599303352313505266\">giovani italianu</a>"
        ],
        "photo_reference": "ATplDJZKkTaDfEJ4llTkbvj8gnp6QW6JjGBYWUU-BaSUBrLg138Z7VMvjyyzsWLpw0LxxzilGNCl5TL_IGNkXxOs4bZ7gG9v6ZaNIoBhm_CL5pTyctsQQC1d2iC8BsKqyX0FTR8cV91D6y0adceWt09ryAO-etms-tX3mu2VIyByNyWuya1-",
        "width": 12000
      }
    ],
    "type": "museum",
    "rating": 4.8,
    "nr_reviews": 14192,
    "day": 1,
    "best_start": "Sa",
    "order": 3
  },
  {
    "id": 20,
    "name": "Podu Roș Park (Queen Mary of Romania)",
    "arrival_hour": "15:23",
    "leave_hour": "16:53",
    "duration": 6,
    "lat": 47.1529191,
    "lng": 27.5872749,
    "address": "Unnamed Road, Iași 700259, Romania",
    "photo": [
      {
        "height": 3024,
        "html_attributions": [
          "<a href=\"https://maps.google.com/maps/contrib/106160528941453847765\">Liviu Gherman</a>"
        ],
        "photo_reference": "ATplDJZ-MC8hIppKbdlcZkE-RZwZK1L1lHTkRDz8XBQvntC3sndJgrZzFgG2kU00abtXbXJKp-dUU3i1Dc6H335j4wJEhvHHM_RWvDHZPMFFDEEq49-bStesz92dBPTADc5-W8jkpCj_9Jq-ujvsjSZjmzT1b2VppqeRgSQTdIi1RA4L6isW",
        "width": 4032
      }
    ],
    "type": "park",
    "rating": 4.5,
    "nr_reviews": 269,
    "day": 1,
    "best_start": "Sa",
    "order": 4
  },
  {
    "id": 58,
    "name": "Madison",
    "arrival_hour": "16:59",
    "leave_hour": "18:59",
    "duration": -1,
    "lat": 47.1563218,
    "lng": 27.5889107,
    "address": "Strada Palas 7A, Iași 700259, Romania",
    "photo": [
      {
        "height": 3024,
        "html_attributions": [
          "<a href=\"https://maps.google.com/maps/contrib/112134147080988164338\">Vlad Ghencea</a>"
        ],
        "photo_reference": "ATplDJYbl7DtbW-OJJwKddcnQv3rZx0wbNviD584RQqk-lt2Qd8z09tMwy7700_-SDA_vxYjlVvb8Vn6Qb33Tw02dJxrDaELr15KFBk1HChRq8A1-JDXV62U3V-_PYrTDqFCBMg2p-0xBriruWo2lsPRky1LUOFDUYX8V8m3ZzKT_APYfpHU",
        "width": 4032
      }
    ],
    "type": "restaurant",
    "rating": 4.3,
    "nr_reviews": 826,
    "day": 1,
    "best_start": "Sa",
    "order": 5
  }
]

2024-04-12 14:56:24.034 [http-nio-8080-exec-1] INFO  c.p.t.s.impl.ItineraryServiceImpl - Generating schedule...
2024-04-12 14:57:07.535 [Thread-3] ERROR c.p.t.s.impl.ItineraryServiceImpl - Error in buffered reader 
2024-04-12 14:57:07.535 [http-nio-8080-exec-1] INFO  c.p.t.s.impl.ItineraryServiceImpl - Exited with error code 0
2024-04-12 14:57:07.536 [http-nio-8080-exec-1] INFO  c.p.t.s.impl.ItineraryServiceImpl - Action completed successfully.[
  {
    "id": 26,
    "name": "Moldova National Museum Complex",
    "arrival_hour": "09:00",
    "leave_hour": "11:00",
    "duration": 2,
    "lat": 47.1572258,
    "lng": 27.5870615,
    "address": "Bulevardul Ștefan cel Mare și Sfânt nr.1, Iași 700028, Romania",
    "photo": [
      {
        "height": 4000,
        "html_attributions": [
          "<a href=\"https://maps.google.com/maps/contrib/106228032205819717019\">Pierre Gladieux</a>"
        ],
        "photo_reference": "ATplDJZvECMlNKlgUmbeIADjq7nK_rBlUFS6-CrqhWw-2JlU64GdzZLauVIZEOPu3BJu9eHMCMl7HKIU4IxecoQ_llsPBBpRsjLYLIk69_eB6N_DaLpkHzAQ7Fr8JgNWHMytoqSTEPL8HkoRa-IafbEZLRbOZ3Gf61Ib-d_ha_ZI_H5wQayb",
        "width": 6000
      }
    ],
    "type": "museum",
    "rating": 4.7,
    "nr_reviews": 93,
    "day": 1,
    "best_start": "Mo",
    "order": 1
  },
  {
    "id": 50,
    "name": "Fenice Palas Iași",
    "arrival_hour": "11:02",
    "leave_hour": "13:02",
    "duration": 2,
    "lat": 47.155693,
    "lng": 27.58671,
    "address": "Strada Palas 3F, Iași 700032, Romania",
    "photo": [
      {
        "height": 2400,
        "html_attributions": [
          "<a href=\"https://maps.google.com/maps/contrib/100231639019985708505\">A Google User</a>"
        ],
        "photo_reference": "ATplDJaAp6BQwa25TgFCkqu-J0-6nydRolwhxL8nyaW_66NCRzcclIXs3bJvuJ535AbBpaAxupYjOvs8-hKA5pPXX8tmKF5yBNel2UYUsDkhq1-aa9aV-wz1X4_irsA0xbKX22NGecyIce_pql019rP-MuqxDoiWsFE3g4xLP4FHRPKdaj0w",
        "width": 3600
      }
    ],
    "type": "restaurant",
    "rating": 4.5,
    "nr_reviews": 3166,
    "day": 1,
    "best_start": "Mo",
    "order": 2
  },
  {
    "id": 8,
    "name": "Palace of Culture",
    "arrival_hour": "13:05",
    "leave_hour": "15:05",
    "duration": 2,
    "lat": 47.1574351,
    "lng": 27.586461,
    "address": "Bulevardul Ștefan cel Mare și Sfânt 1, Iași 700028, Romania",
    "photo": [
      {
        "height": 9000,
        "html_attributions": [
          "<a href=\"https://maps.google.com/maps/contrib/110599303352313505266\">giovani italianu</a>"
        ],
        "photo_reference": "ATplDJZKkTaDfEJ4llTkbvj8gnp6QW6JjGBYWUU-BaSUBrLg138Z7VMvjyyzsWLpw0LxxzilGNCl5TL_IGNkXxOs4bZ7gG9v6ZaNIoBhm_CL5pTyctsQQC1d2iC8BsKqyX0FTR8cV91D6y0adceWt09ryAO-etms-tX3mu2VIyByNyWuya1-",
        "width": 12000
      }
    ],
    "type": "museum",
    "rating": 4.8,
    "nr_reviews": 14192,
    "day": 1,
    "best_start": "Mo",
    "order": 3
  },
  {
    "id": 2,
    "name": "\"Palas\" Public Garden",
    "arrival_hour": "15:07",
    "leave_hour": "17:07",
    "duration": 2,
    "lat": 47.15675359999999,
    "lng": 27.5875209,
    "address": "Strada Palat nr. 3, Iași 700259, Romania",
    "photo": [
      {
        "height": 9000,
        "html_attributions": [
          "<a href=\"https://maps.google.com/maps/contrib/108113607020884697794\">Allexis Paniciuc</a>"
        ],
        "photo_reference": "ATplDJYVHEbviVoMCcAJ7eTrRFVptGzxk4lBR5dGBXjBeJuvr1NwdFF40Z2XJkHGMtYmDIsNta0kI2MxYFQq-IqvgBKQThLPm7CyZrAV8k1W1LO8KKUMtxRzciTpY0gbmZTMqGU-jLuITegImKACqPxTDfOcw4cMPNjT9Wk4LHD87e3DfXIJ",
        "width": 12000
      }
    ],
    "type": "tourist_attraction",
    "rating": 4.8,
    "nr_reviews": 11054,
    "day": 1,
    "best_start": "Mo",
    "order": 4
  },
  {
    "id": 58,
    "name": "Madison",
    "arrival_hour": "17:10",
    "leave_hour": "19:10",
    "duration": -1,
    "lat": 47.1563218,
    "lng": 27.5889107,
    "address": "Strada Palas 7A, Iași 700259, Romania",
    "photo": [
      {
        "height": 3024,
        "html_attributions": [
          "<a href=\"https://maps.google.com/maps/contrib/112134147080988164338\">Vlad Ghencea</a>"
        ],
        "photo_reference": "ATplDJYbl7DtbW-OJJwKddcnQv3rZx0wbNviD584RQqk-lt2Qd8z09tMwy7700_-SDA_vxYjlVvb8Vn6Qb33Tw02dJxrDaELr15KFBk1HChRq8A1-JDXV62U3V-_PYrTDqFCBMg2p-0xBriruWo2lsPRky1LUOFDUYX8V8m3ZzKT_APYfpHU",
        "width": 4032
      }
    ],
    "type": "restaurant",
    "rating": 4.3,
    "nr_reviews": 826,
    "day": 1,
    "best_start": "Mo",
    "order": 5
  }
]

2024-04-12 15:02:54.131 [http-nio-8080-exec-4] INFO  c.p.t.s.impl.ItineraryServiceImpl - Generating schedule...
2024-04-12 15:03:38.431 [Thread-4] ERROR c.p.t.s.impl.ItineraryServiceImpl - Error in buffered reader 
2024-04-12 15:03:38.432 [http-nio-8080-exec-4] INFO  c.p.t.s.impl.ItineraryServiceImpl - Exited with error code 0
2024-04-12 15:03:38.432 [http-nio-8080-exec-4] INFO  c.p.t.s.impl.ItineraryServiceImpl - Action completed successfully.[
  {
    "id": 8,
    "name": "Palace of Culture",
    "arrival_hour": "09:00",
    "leave_hour": "11:00",
    "duration": 2,
    "lat": 47.1574351,
    "lng": 27.586461,
    "address": "Bulevardul Ștefan cel Mare și Sfânt 1, Iași 700028, Romania",
    "photo": [
      {
        "height": 9000,
        "html_attributions": [
          "<a href=\"https://maps.google.com/maps/contrib/110599303352313505266\">giovani italianu</a>"
        ],
        "photo_reference": "ATplDJZKkTaDfEJ4llTkbvj8gnp6QW6JjGBYWUU-BaSUBrLg138Z7VMvjyyzsWLpw0LxxzilGNCl5TL_IGNkXxOs4bZ7gG9v6ZaNIoBhm_CL5pTyctsQQC1d2iC8BsKqyX0FTR8cV91D6y0adceWt09ryAO-etms-tX3mu2VIyByNyWuya1-",
        "width": 12000
      }
    ],
    "type": "museum",
    "rating": 4.8,
    "nr_reviews": 14192,
    "day": 1,
    "best_start": "Fr",
    "order": 1
  },
  {
    "id": 50,
    "name": "Fenice Palas Iași",
    "arrival_hour": "11:02",
    "leave_hour": "13:02",
    "duration": 4,
    "lat": 47.155693,
    "lng": 27.58671,
    "address": "Strada Palas 3F, Iași 700032, Romania",
    "photo": [
      {
        "height": 2400,
        "html_attributions": [
          "<a href=\"https://maps.google.com/maps/contrib/100231639019985708505\">A Google User</a>"
        ],
        "photo_reference": "ATplDJaAp6BQwa25TgFCkqu-J0-6nydRolwhxL8nyaW_66NCRzcclIXs3bJvuJ535AbBpaAxupYjOvs8-hKA5pPXX8tmKF5yBNel2UYUsDkhq1-aa9aV-wz1X4_irsA0xbKX22NGecyIce_pql019rP-MuqxDoiWsFE3g4xLP4FHRPKdaj0w",
        "width": 3600
      }
    ],
    "type": "restaurant",
    "rating": 4.5,
    "nr_reviews": 3166,
    "day": 1,
    "best_start": "Fr",
    "order": 2
  },
  {
    "id": 39,
    "name": "Podu Roș Park (Queen Mary of Romania)",
    "arrival_hour": "13:07",
    "leave_hour": "14:37",
    "duration": 16,
    "lat": 47.1529191,
    "lng": 27.5872749,
    "address": "Unnamed Road, Iași 700259, Romania",
    "photo": [
      {
        "height": 3024,
        "html_attributions": [
          "<a href=\"https://maps.google.com/maps/contrib/106160528941453847765\">Liviu Gherman</a>"
        ],
        "photo_reference": "ATplDJZ-MC8hIppKbdlcZkE-RZwZK1L1lHTkRDz8XBQvntC3sndJgrZzFgG2kU00abtXbXJKp-dUU3i1Dc6H335j4wJEhvHHM_RWvDHZPMFFDEEq49-bStesz92dBPTADc5-W8jkpCj_9Jq-ujvsjSZjmzT1b2VppqeRgSQTdIi1RA4L6isW",
        "width": 4032
      }
    ],
    "type": "park",
    "rating": 4.5,
    "nr_reviews": 269,
    "day": 1,
    "best_start": "Fr",
    "order": 3
  },
  {
    "id": 10,
    "name": "Metropolitan Cathedral Iasi",
    "arrival_hour": "14:54",
    "leave_hour": "16:54",
    "duration": 2,
    "lat": 47.1615274,
    "lng": 27.5820172,
    "address": "Bulevardul Ștefan cel Mare și Sfânt 16, Iași 700064, Romania",
    "photo": [
      {
        "height": 4032,
        "html_attributions": [
          "<a href=\"https://maps.google.com/maps/contrib/106160528941453847765\">Liviu Gherman</a>"
        ],
        "photo_reference": "ATplDJa6WEHvU8PkMR6dKeDelXVJehOmYmCOrqbPE444zBIPBOIsfXeGvFdLB2FmkvWW7h9U3ZSIPxsdCZ76aZe47neq1463GqUgIoec3Q84KKi77sNG7fWmencfFe4eFnJdixgvRN05e8BV6RQFzIMDlsq36onlnv2oT14g_k9P-jkieaE7",
        "width": 3024
      }
    ],
    "type": "tourist_attraction",
    "rating": 4.8,
    "nr_reviews": 12303,
    "day": 1,
    "best_start": "Fr",
    "order": 4
  },
  {
    "id": 64,
    "name": "Bindu",
    "arrival_hour": "16:57",
    "leave_hour": "18:57",
    "duration": -1,
    "lat": 47.1628,
    "lng": 27.5830861,
    "address": "Strada Ion C. Brătianu 36, Iași 700259, Romania",
    "photo": [
      {
        "height": 1296,
        "html_attributions": [
          "<a href=\"https://maps.google.com/maps/contrib/103086345849231810293\">A Google User</a>"
        ],
        "photo_reference": "ATplDJZAdWIPw_Ttqt9gF8oShEzeukDqJ86xyCWP4_ymgb2MwVPQlt-NmZGf4vcxsTSxmvEQPjVNSAIxHXaKtJj2dYZjF6abdnSnaAYIB-VNLu2zPATYH52qaYR7YkT8Y5IJ4pKZFDJGUS_YE-0bSzHkNuO8uvbTT0ce2042knLiHU9v_Wym",
        "width": 972
      }
    ],
    "type": "restaurant",
    "rating": 4.6,
    "nr_reviews": 839,
    "day": 1,
    "best_start": "Fr",
    "order": 5
  }
]

2024-04-12 15:04:32.824 [http-nio-8080-exec-6] INFO  c.p.t.s.impl.ItineraryServiceImpl - Generating schedule...
2024-04-12 15:06:01.162 [Thread-5] ERROR c.p.t.s.impl.ItineraryServiceImpl - Error in buffered reader 
2024-04-12 15:06:01.163 [http-nio-8080-exec-6] INFO  c.p.t.s.impl.ItineraryServiceImpl - Exited with error code 0
2024-04-12 15:06:01.163 [http-nio-8080-exec-6] INFO  c.p.t.s.impl.ItineraryServiceImpl - Action completed successfully.[
  {
    "id": 10,
    "name": "Metropolitan Cathedral Iasi",
    "arrival_hour": "09:00",
    "leave_hour": "11:00",
    "duration": 12,
    "lat": 47.1615274,
    "lng": 27.5820172,
    "address": "Bulevardul Ștefan cel Mare și Sfânt 16, Iași 700064, Romania",
    "photo": [
      {
        "height": 4032,
        "html_attributions": [
          "<a href=\"https://maps.google.com/maps/contrib/106160528941453847765\">Liviu Gherman</a>"
        ],
        "photo_reference": "ATplDJa6WEHvU8PkMR6dKeDelXVJehOmYmCOrqbPE444zBIPBOIsfXeGvFdLB2FmkvWW7h9U3ZSIPxsdCZ76aZe47neq1463GqUgIoec3Q84KKi77sNG7fWmencfFe4eFnJdixgvRN05e8BV6RQFzIMDlsq36onlnv2oT14g_k9P-jkieaE7",
        "width": 3024
      }
    ],
    "type": "tourist_attraction",
    "rating": 4.8,
    "nr_reviews": 12303,
    "day": 1,
    "best_start": "Su",
    "order": 1
  },
  {
    "id": 88,
    "name": "Fenice Palas Iași",
    "arrival_hour": "11:12",
    "leave_hour": "13:12",
    "duration": 2,
    "lat": 47.155693,
    "lng": 27.58671,
    "address": "Strada Palas 3F, Iași 700032, Romania",
    "photo": [
      {
        "height": 2400,
        "html_attributions": [
          "<a href=\"https://maps.google.com/maps/contrib/100231639019985708505\">A Google User</a>"
        ],
        "photo_reference": "ATplDJaAp6BQwa25TgFCkqu-J0-6nydRolwhxL8nyaW_66NCRzcclIXs3bJvuJ535AbBpaAxupYjOvs8-hKA5pPXX8tmKF5yBNel2UYUsDkhq1-aa9aV-wz1X4_irsA0xbKX22NGecyIce_pql019rP-MuqxDoiWsFE3g4xLP4FHRPKdaj0w",
        "width": 3600
      }
    ],
    "type": "restaurant",
    "rating": 4.5,
    "nr_reviews": 3166,
    "day": 1,
    "best_start": "Su",
    "order": 2
  },
  {
    "id": 2,
    "name": "\"Palas\" Public Garden",
    "arrival_hour": "13:14",
    "leave_hour": "15:14",
    "duration": 2,
    "lat": 47.15675359999999,
    "lng": 27.5875209,
    "address": "Strada Palat nr. 3, Iași 700259, Romania",
    "photo": [
      {
        "height": 9000,
        "html_attributions": [
          "<a href=\"https://maps.google.com/maps/contrib/108113607020884697794\">Allexis Paniciuc</a>"
        ],
        "photo_reference": "ATplDJYVHEbviVoMCcAJ7eTrRFVptGzxk4lBR5dGBXjBeJuvr1NwdFF40Z2XJkHGMtYmDIsNta0kI2MxYFQq-IqvgBKQThLPm7CyZrAV8k1W1LO8KKUMtxRzciTpY0gbmZTMqGU-jLuITegImKACqPxTDfOcw4cMPNjT9Wk4LHD87e3DfXIJ",
        "width": 12000
      }
    ],
    "type": "tourist_attraction",
    "rating": 4.8,
    "nr_reviews": 11054,
    "day": 1,
    "best_start": "Su",
    "order": 3
  },
  {
    "id": 8,
    "name": "Palace of Culture",
    "arrival_hour": "15:16",
    "leave_hour": "17:16",
    "duration": 4,
    "lat": 47.1574351,
    "lng": 27.586461,
    "address": "Bulevardul Ștefan cel Mare și Sfânt 1, Iași 700028, Romania",
    "photo": [
      {
        "height": 9000,
        "html_attributions": [
          "<a href=\"https://maps.google.com/maps/contrib/110599303352313505266\">giovani italianu</a>"
        ],
        "photo_reference": "ATplDJZKkTaDfEJ4llTkbvj8gnp6QW6JjGBYWUU-BaSUBrLg138Z7VMvjyyzsWLpw0LxxzilGNCl5TL_IGNkXxOs4bZ7gG9v6ZaNIoBhm_CL5pTyctsQQC1d2iC8BsKqyX0FTR8cV91D6y0adceWt09ryAO-etms-tX3mu2VIyByNyWuya1-",
        "width": 12000
      }
    ],
    "type": "museum",
    "rating": 4.8,
    "nr_reviews": 14192,
    "day": 1,
    "best_start": "Su",
    "order": 4
  },
  {
    "id": 96,
    "name": "Madison",
    "arrival_hour": "17:21",
    "leave_hour": "19:21",
    "duration": -1,
    "lat": 47.1563218,
    "lng": 27.5889107,
    "address": "Strada Palas 7A, Iași 700259, Romania",
    "photo": [
      {
        "height": 3024,
        "html_attributions": [
          "<a href=\"https://maps.google.com/maps/contrib/112134147080988164338\">Vlad Ghencea</a>"
        ],
        "photo_reference": "ATplDJYbl7DtbW-OJJwKddcnQv3rZx0wbNviD584RQqk-lt2Qd8z09tMwy7700_-SDA_vxYjlVvb8Vn6Qb33Tw02dJxrDaELr15KFBk1HChRq8A1-JDXV62U3V-_PYrTDqFCBMg2p-0xBriruWo2lsPRky1LUOFDUYX8V8m3ZzKT_APYfpHU",
        "width": 4032
      }
    ],
    "type": "restaurant",
    "rating": 4.3,
    "nr_reviews": 826,
    "day": 1,
    "best_start": "Su",
    "order": 5
  },
  {
    "id": 65,
    "name": "Palas Iasi",
    "arrival_hour": "09:00",
    "leave_hour": "11:00",
    "duration": 12,
    "lat": 47.1578788,
    "lng": 27.5890288,
    "address": "Strada Palas 7A, Iași 700259, Romania",
    "photo": [
      {
        "height": 534,
        "html_attributions": [
          "<a href=\"https://maps.google.com/maps/contrib/103497987207167051530\">Bogdan Baraiac</a>"
        ],
        "photo_reference": "ATplDJbcCknofNsrMPP3FQ6ZKlKJo5xUPbA6MmrvgAWNE32XEqmslDxvHBZPTBmQjrvv5Dq2BgS7cd5AJxrpbnCGABLFP-3Q8Xv9pd1sHm6r4cTMLXM02fYlF_-qQrPVqDum_lMIQ3cuhOHLNXX8xL3fQUlD5afHnFyFY3amSDhqXc5geo0X",
        "width": 800
      }
    ],
    "type": "shopping_mall",
    "rating": 4.7,
    "nr_reviews": 35325,
    "day": 2,
    "best_start": "Su",
    "order": 1
  },
  {
    "id": 102,
    "name": "Bindu",
    "arrival_hour": "11:12",
    "leave_hour": "13:12",
    "duration": 11,
    "lat": 47.1628,
    "lng": 27.5830861,
    "address": "Strada Ion C. Brătianu 36, Iași 700259, Romania",
    "photo": [
      {
        "height": 1296,
        "html_attributions": [
          "<a href=\"https://maps.google.com/maps/contrib/103086345849231810293\">A Google User</a>"
        ],
        "photo_reference": "ATplDJZAdWIPw_Ttqt9gF8oShEzeukDqJ86xyCWP4_ymgb2MwVPQlt-NmZGf4vcxsTSxmvEQPjVNSAIxHXaKtJj2dYZjF6abdnSnaAYIB-VNLu2zPATYH52qaYR7YkT8Y5IJ4pKZFDJGUS_YE-0bSzHkNuO8uvbTT0ce2042knLiHU9v_Wym",
        "width": 972
      }
    ],
    "type": "restaurant",
    "rating": 4.6,
    "nr_reviews": 839,
    "day": 2,
    "best_start": "Su",
    "order": 2
  },
  {
    "id": 26,
    "name": "Moldova National Museum Complex",
    "arrival_hour": "13:24",
    "leave_hour": "15:24",
    "duration": 19,
    "lat": 47.1572258,
    "lng": 27.5870615,
    "address": "Bulevardul Ștefan cel Mare și Sfânt nr.1, Iași 700028, Romania",
    "photo": [
      {
        "height": 4000,
        "html_attributions": [
          "<a href=\"https://maps.google.com/maps/contrib/106228032205819717019\">Pierre Gladieux</a>"
        ],
        "photo_reference": "ATplDJZvECMlNKlgUmbeIADjq7nK_rBlUFS6-CrqhWw-2JlU64GdzZLauVIZEOPu3BJu9eHMCMl7HKIU4IxecoQ_llsPBBpRsjLYLIk69_eB6N_DaLpkHzAQ7Fr8JgNWHMytoqSTEPL8HkoRa-IafbEZLRbOZ3Gf61Ib-d_ha_ZI_H5wQayb",
        "width": 6000
      }
    ],
    "type": "museum",
    "rating": 4.7,
    "nr_reviews": 93,
    "day": 2,
    "best_start": "Su",
    "order": 3
  },
  {
    "id": 51,
    "name": "Unirea Hotel & Spa",
    "arrival_hour": "15:43",
    "leave_hour": "17:43",
    "duration": 2,
    "lat": 47.1667371,
    "lng": 27.5805404,
    "address": "Piața Unirii 5, Iași 700056, Romania",
    "photo": [
      {
        "height": 620,
        "html_attributions": [
          "<a href=\"https://maps.google.com/maps/contrib/114833947532457916875\">A Google User</a>"
        ],
        "photo_reference": "ATplDJZWl0QvG8HgwEOKc6dwENhINZiToBU1CFtYBzcf8ThLM6-3drb5PccTCZMm7DYWibJlOm8Ohj8KaVThzhJDEU1vyyNyweK32jDr-Uo4ZdEAGXoUtIIhjILtE-4mDmTK1KwIWibZXI46qYnacTGIUskI0t6Gt-l7PJefMT8-7BPo2MHq",
        "width": 1240
      }
    ],
    "type": "spa",
    "rating": 4.5,
    "nr_reviews": 4252,
    "day": 2,
    "best_start": "Su",
    "order": 4
  },
  {
    "id": 93,
    "name": "Trufanda",
    "arrival_hour": "17:46",
    "leave_hour": "19:46",
    "duration": -1,
    "lat": 47.16509079999999,
    "lng": 27.5799995,
    "address": "Piața Unirii 7, Iași 700058, Romania",
    "photo": [
      {
        "height": 3000,
        "html_attributions": [
          "<a href=\"https://maps.google.com/maps/contrib/118062536823717651089\">Mihaela Vinturache</a>"
        ],
        "photo_reference": "ATplDJY4OTJztF92BVq5Dfq6QnqqhVoeA4dFZ1mEn4WKe3TQUQ32720kuin9ymJPCdRFMrFFloN8d0ItDr6P3lm_HWW0vOZWo1RPMQk76uX-ePJXF4e0-6lWGwL0mgNsxOoy5Z06uhviuZi-xN5lpVFwn3AbURWPjw9_xl3sDW89hMJaWVpb",
        "width": 4000
      }
    ],
    "type": "restaurant",
    "rating": 4.6,
    "nr_reviews": 517,
    "day": 2,
    "best_start": "Su",
    "order": 5
  }
]

2024-04-12 15:11:41.152 [http-nio-8080-exec-9] INFO  c.p.t.s.impl.ItineraryServiceImpl - Generating schedule...
2024-04-12 15:11:54.133 [Thread-6] ERROR c.p.t.s.impl.ItineraryServiceImpl - Error in buffered reader 
2024-04-12 15:11:54.133 [http-nio-8080-exec-9] INFO  c.p.t.s.impl.ItineraryServiceImpl - Exited with error code 0
2024-04-12 15:11:54.134 [http-nio-8080-exec-9] INFO  c.p.t.s.impl.ItineraryServiceImpl - Action completed successfully.[
  {
    "id": 8,
    "name": "Palace of Culture",
    "arrival_hour": "09:00",
    "leave_hour": "11:00",
    "duration": 2,
    "lat": 47.1574351,
    "lng": 27.586461,
    "address": "Bulevardul Ștefan cel Mare și Sfânt 1, Iași 700028, Romania",
    "photo": [
      {
        "height": 9000,
        "html_attributions": [
          "<a href=\"https://maps.google.com/maps/contrib/110599303352313505266\">giovani italianu</a>"
        ],
        "photo_reference": "ATplDJZKkTaDfEJ4llTkbvj8gnp6QW6JjGBYWUU-BaSUBrLg138Z7VMvjyyzsWLpw0LxxzilGNCl5TL_IGNkXxOs4bZ7gG9v6ZaNIoBhm_CL5pTyctsQQC1d2iC8BsKqyX0FTR8cV91D6y0adceWt09ryAO-etms-tX3mu2VIyByNyWuya1-",
        "width": 12000
      }
    ],
    "type": "museum",
    "rating": 4.8,
    "nr_reviews": 14192,
    "day": 1,
    "order": 1
  },
  {
    "id": 68,
    "name": "Fenice Palas Iași",
    "arrival_hour": "11:02",
    "leave_hour": "13:02",
    "duration": 4,
    "lat": 47.155693,
    "lng": 27.58671,
    "address": "Strada Palas 3F, Iași 700032, Romania",
    "photo": [
      {
        "height": 2400,
        "html_attributions": [
          "<a href=\"https://maps.google.com/maps/contrib/100231639019985708505\">A Google User</a>"
        ],
        "photo_reference": "ATplDJaAp6BQwa25TgFCkqu-J0-6nydRolwhxL8nyaW_66NCRzcclIXs3bJvuJ535AbBpaAxupYjOvs8-hKA5pPXX8tmKF5yBNel2UYUsDkhq1-aa9aV-wz1X4_irsA0xbKX22NGecyIce_pql019rP-MuqxDoiWsFE3g4xLP4FHRPKdaj0w",
        "width": 3600
      }
    ],
    "type": "restaurant",
    "rating": 4.5,
    "nr_reviews": 3166,
    "day": 1,
    "order": 2
  },
  {
    "id": 39,
    "name": "Podu Roș Park (Queen Mary of Romania)",
    "arrival_hour": "13:07",
    "leave_hour": "14:37",
    "duration": 6,
    "lat": 47.1529191,
    "lng": 27.5872749,
    "address": "Unnamed Road, Iași 700259, Romania",
    "photo": [
      {
        "height": 3024,
        "html_attributions": [
          "<a href=\"https://maps.google.com/maps/contrib/106160528941453847765\">Liviu Gherman</a>"
        ],
        "photo_reference": "ATplDJZ-MC8hIppKbdlcZkE-RZwZK1L1lHTkRDz8XBQvntC3sndJgrZzFgG2kU00abtXbXJKp-dUU3i1Dc6H335j4wJEhvHHM_RWvDHZPMFFDEEq49-bStesz92dBPTADc5-W8jkpCj_9Jq-ujvsjSZjmzT1b2VppqeRgSQTdIi1RA4L6isW",
        "width": 4032
      }
    ],
    "type": "park",
    "rating": 4.5,
    "nr_reviews": 269,
    "day": 1,
    "order": 3
  },
  {
    "id": 2,
    "name": "\"Palas\" Public Garden",
    "arrival_hour": "14:44",
    "leave_hour": "16:44",
    "duration": 2,
    "lat": 47.15675359999999,
    "lng": 27.5875209,
    "address": "Strada Palat nr. 3, Iași 700259, Romania",
    "photo": [
      {
        "height": 9000,
        "html_attributions": [
          "<a href=\"https://maps.google.com/maps/contrib/108113607020884697794\">Allexis Paniciuc</a>"
        ],
        "photo_reference": "ATplDJYVHEbviVoMCcAJ7eTrRFVptGzxk4lBR5dGBXjBeJuvr1NwdFF40Z2XJkHGMtYmDIsNta0kI2MxYFQq-IqvgBKQThLPm7CyZrAV8k1W1LO8KKUMtxRzciTpY0gbmZTMqGU-jLuITegImKACqPxTDfOcw4cMPNjT9Wk4LHD87e3DfXIJ",
        "width": 12000
      }
    ],
    "type": "tourist_attraction",
    "rating": 4.8,
    "nr_reviews": 11054,
    "day": 1,
    "order": 4
  },
  {
    "id": 76,
    "name": "Madison",
    "arrival_hour": "16:46",
    "leave_hour": "18:46",
    "duration": -1,
    "lat": 47.1563218,
    "lng": 27.5889107,
    "address": "Strada Palas 7A, Iași 700259, Romania",
    "photo": [
      {
        "height": 3024,
        "html_attributions": [
          "<a href=\"https://maps.google.com/maps/contrib/112134147080988164338\">Vlad Ghencea</a>"
        ],
        "photo_reference": "ATplDJYbl7DtbW-OJJwKddcnQv3rZx0wbNviD584RQqk-lt2Qd8z09tMwy7700_-SDA_vxYjlVvb8Vn6Qb33Tw02dJxrDaELr15KFBk1HChRq8A1-JDXV62U3V-_PYrTDqFCBMg2p-0xBriruWo2lsPRky1LUOFDUYX8V8m3ZzKT_APYfpHU",
        "width": 4032
      }
    ],
    "type": "restaurant",
    "rating": 4.3,
    "nr_reviews": 826,
    "day": 1,
    "order": 5
  },
  {
    "id": 24,
    "name": "Union Museum - Princiary Residence",
    "arrival_hour": "09:00",
    "leave_hour": "11:00",
    "duration": 10,
    "lat": 47.1673674,
    "lng": 27.578843,
    "address": "Strada Alexandru Lăpușneanu nr. 14, Iași 700057, Romania",
    "photo": [
      {
        "height": 3024,
        "html_attributions": [
          "<a href=\"https://maps.google.com/maps/contrib/107813575652087781980\">Zimcata Catazim</a>"
        ],
        "photo_reference": "ATplDJYv6WxEtl8-WYGUrPMOq0-NZqMQLDAAXJlQRKmJv5EBcxQcYarUssKUlGAQa2qDr1wrhhqki5OHUYfkD8CvS2Gc9w8iyUQ9YGQcWzRjtgA1ZvoyhGnFA5bwoDQPN-GDfRBrEh7Mt299exwjcGfugc7e54vS_JNmD9K88TEP78pY4ZX1",
        "width": 4032
      }
    ],
    "type": "museum",
    "rating": 4.6,
    "nr_reviews": 702,
    "day": 2,
    "order": 1
  },
  {
    "id": 65,
    "name": "Cârciuma Veche",
    "arrival_hour": "11:10",
    "leave_hour": "13:10",
    "duration": 9,
    "lat": 47.16315160000001,
    "lng": 27.5837275,
    "address": "Strada Ion C. Brătianu 30, Iași 700259, Romania",
    "photo": [
      {
        "height": 4032,
        "html_attributions": [
          "<a href=\"https://maps.google.com/maps/contrib/108900420670725492069\">Vasea Onel</a>"
        ],
        "photo_reference": "ATplDJZRjwoM-03i8chAxz7SXtBR119isqCheEyzCzV6GmAXEb1MllLVxAGX2g6uNFSiBjEIyNV4sQTKkeIRebXQxQTRuJkASCYgpWzr1vKNlNwHsHTXMATqEuzsonYUjc7cR1BhL50jgFwu5zYo6tg2XmZHpQyEo4wDIpWlLUB2jGB1RrT-",
        "width": 3024
      }
    ],
    "type": "restaurant",
    "rating": 4.3,
    "nr_reviews": 1454,
    "day": 2,
    "order": 2
  },
  {
    "id": 3,
    "name": "Golia Monastery",
    "arrival_hour": "13:20",
    "leave_hour": "15:20",
    "duration": 13,
    "lat": 47.1648039,
    "lng": 27.5893769,
    "address": "Strada Cuza Vodă nr. 51, Iași 700040, Romania",
    "photo": [
      {
        "height": 1536,
        "html_attributions": [
          "<a href=\"https://maps.google.com/maps/contrib/112422752352015628198\">Mănăstirea Golia</a>"
        ],
        "photo_reference": "ATplDJaldVEEasjlZFzyZ-yiCELzNVI1AziQd0BLAPUlj51eeIsvdEcU_lsu7WBISFjcG8mCkK-BoXYjcK_HSRUDtQTqvHkf67qu-Z1zUm4WduarNOx58UmPaQbtlbUC1qYZ0iKeAlg1Vm_5Kl3QWBVL0c1QpB8mb4S2f4WzGgcJzcRq9Gv0",
        "width": 2048
      }
    ],
    "type": "tourist_attraction",
    "rating": 4.7,
    "nr_reviews": 1296,
    "day": 2,
    "order": 3
  },
  {
    "id": 10,
    "name": "Metropolitan Cathedral Iasi",
    "arrival_hour": "15:34",
    "leave_hour": "17:34",
    "duration": 2,
    "lat": 47.1615274,
    "lng": 27.5820172,
    "address": "Bulevardul Ștefan cel Mare și Sfânt 16, Iași 700064, Romania",
    "photo": [
      {
        "height": 4032,
        "html_attributions": [
          "<a href=\"https://maps.google.com/maps/contrib/106160528941453847765\">Liviu Gherman</a>"
        ],
        "photo_reference": "ATplDJa6WEHvU8PkMR6dKeDelXVJehOmYmCOrqbPE444zBIPBOIsfXeGvFdLB2FmkvWW7h9U3ZSIPxsdCZ76aZe47neq1463GqUgIoec3Q84KKi77sNG7fWmencfFe4eFnJdixgvRN05e8BV6RQFzIMDlsq36onlnv2oT14g_k9P-jkieaE7",
        "width": 3024
      }
    ],
    "type": "tourist_attraction",
    "rating": 4.8,
    "nr_reviews": 12303,
    "day": 2,
    "order": 4
  },
  {
    "id": 82,
    "name": "Bindu",
    "arrival_hour": "17:36",
    "leave_hour": "19:36",
    "duration": -1,
    "lat": 47.1628,
    "lng": 27.5830861,
    "address": "Strada Ion C. Brătianu 36, Iași 700259, Romania",
    "photo": [
      {
        "height": 1296,
        "html_attributions": [
          "<a href=\"https://maps.google.com/maps/contrib/103086345849231810293\">A Google User</a>"
        ],
        "photo_reference": "ATplDJZAdWIPw_Ttqt9gF8oShEzeukDqJ86xyCWP4_ymgb2MwVPQlt-NmZGf4vcxsTSxmvEQPjVNSAIxHXaKtJj2dYZjF6abdnSnaAYIB-VNLu2zPATYH52qaYR7YkT8Y5IJ4pKZFDJGUS_YE-0bSzHkNuO8uvbTT0ce2042knLiHU9v_Wym",
        "width": 972
      }
    ],
    "type": "restaurant",
    "rating": 4.6,
    "nr_reviews": 839,
    "day": 2,
    "order": 5
  }
]

2024-04-12 15:14:43.129 [http-nio-8080-exec-2] INFO  c.p.t.s.impl.ItineraryServiceImpl - Generating schedule...
2024-04-12 15:14:49.754 [Thread-7] ERROR c.p.t.s.impl.ItineraryServiceImpl - Error in buffered reader 
2024-04-12 15:14:49.755 [http-nio-8080-exec-2] INFO  c.p.t.s.impl.ItineraryServiceImpl - Exited with error code 0
2024-04-12 15:14:49.756 [http-nio-8080-exec-2] INFO  c.p.t.s.impl.ItineraryServiceImpl - Action completed successfully.[
  {
    "id": 8,
    "name": "Palace of Culture",
    "arrival_hour": "09:00",
    "leave_hour": "11:00",
    "duration": 2,
    "lat": 47.1574351,
    "lng": 27.586461,
    "address": "Bulevardul Ștefan cel Mare și Sfânt 1, Iași 700028, Romania",
    "photo": [
      {
        "height": 9000,
        "html_attributions": [
          "<a href=\"https://maps.google.com/maps/contrib/110599303352313505266\">giovani italianu</a>"
        ],
        "photo_reference": "ATplDJZKkTaDfEJ4llTkbvj8gnp6QW6JjGBYWUU-BaSUBrLg138Z7VMvjyyzsWLpw0LxxzilGNCl5TL_IGNkXxOs4bZ7gG9v6ZaNIoBhm_CL5pTyctsQQC1d2iC8BsKqyX0FTR8cV91D6y0adceWt09ryAO-etms-tX3mu2VIyByNyWuya1-",
        "width": 12000
      }
    ],
    "type": "museum",
    "rating": 4.8,
    "nr_reviews": 14192,
    "day": 1,
    "order": 1
  },
  {
    "id": 68,
    "name": "Fenice Palas Iași",
    "arrival_hour": "11:02",
    "leave_hour": "13:02",
    "duration": 2,
    "lat": 47.155693,
    "lng": 27.58671,
    "address": "Strada Palas 3F, Iași 700032, Romania",
    "photo": [
      {
        "height": 2400,
        "html_attributions": [
          "<a href=\"https://maps.google.com/maps/contrib/100231639019985708505\">A Google User</a>"
        ],
        "photo_reference": "ATplDJaAp6BQwa25TgFCkqu-J0-6nydRolwhxL8nyaW_66NCRzcclIXs3bJvuJ535AbBpaAxupYjOvs8-hKA5pPXX8tmKF5yBNel2UYUsDkhq1-aa9aV-wz1X4_irsA0xbKX22NGecyIce_pql019rP-MuqxDoiWsFE3g4xLP4FHRPKdaj0w",
        "width": 3600
      }
    ],
    "type": "restaurant",
    "rating": 4.5,
    "nr_reviews": 3166,
    "day": 1,
    "order": 2
  },
  {
    "id": 2,
    "name": "\"Palas\" Public Garden",
    "arrival_hour": "13:05",
    "leave_hour": "15:05",
    "duration": 6,
    "lat": 47.15675359999999,
    "lng": 27.5875209,
    "address": "Strada Palat nr. 3, Iași 700259, Romania",
    "photo": [
      {
        "height": 9000,
        "html_attributions": [
          "<a href=\"https://maps.google.com/maps/contrib/108113607020884697794\">Allexis Paniciuc</a>"
        ],
        "photo_reference": "ATplDJYVHEbviVoMCcAJ7eTrRFVptGzxk4lBR5dGBXjBeJuvr1NwdFF40Z2XJkHGMtYmDIsNta0kI2MxYFQq-IqvgBKQThLPm7CyZrAV8k1W1LO8KKUMtxRzciTpY0gbmZTMqGU-jLuITegImKACqPxTDfOcw4cMPNjT9Wk4LHD87e3DfXIJ",
        "width": 12000
      }
    ],
    "type": "tourist_attraction",
    "rating": 4.8,
    "nr_reviews": 11054,
    "day": 1,
    "order": 3
  },
  {
    "id": 39,
    "name": "Podu Roș Park (Queen Mary of Romania)",
    "arrival_hour": "15:11",
    "leave_hour": "16:41",
    "duration": 6,
    "lat": 47.1529191,
    "lng": 27.5872749,
    "address": "Unnamed Road, Iași 700259, Romania",
    "photo": [
      {
        "height": 3024,
        "html_attributions": [
          "<a href=\"https://maps.google.com/maps/contrib/106160528941453847765\">Liviu Gherman</a>"
        ],
        "photo_reference": "ATplDJZ-MC8hIppKbdlcZkE-RZwZK1L1lHTkRDz8XBQvntC3sndJgrZzFgG2kU00abtXbXJKp-dUU3i1Dc6H335j4wJEhvHHM_RWvDHZPMFFDEEq49-bStesz92dBPTADc5-W8jkpCj_9Jq-ujvsjSZjmzT1b2VppqeRgSQTdIi1RA4L6isW",
        "width": 4032
      }
    ],
    "type": "park",
    "rating": 4.5,
    "nr_reviews": 269,
    "day": 1,
    "order": 4
  },
  {
    "id": 76,
    "name": "Madison",
    "arrival_hour": "16:47",
    "leave_hour": "18:47",
    "duration": -1,
    "lat": 47.1563218,
    "lng": 27.5889107,
    "address": "Strada Palas 7A, Iași 700259, Romania",
    "photo": [
      {
        "height": 3024,
        "html_attributions": [
          "<a href=\"https://maps.google.com/maps/contrib/112134147080988164338\">Vlad Ghencea</a>"
        ],
        "photo_reference": "ATplDJYbl7DtbW-OJJwKddcnQv3rZx0wbNviD584RQqk-lt2Qd8z09tMwy7700_-SDA_vxYjlVvb8Vn6Qb33Tw02dJxrDaELr15KFBk1HChRq8A1-JDXV62U3V-_PYrTDqFCBMg2p-0xBriruWo2lsPRky1LUOFDUYX8V8m3ZzKT_APYfpHU",
        "width": 4032
      }
    ],
    "type": "restaurant",
    "rating": 4.3,
    "nr_reviews": 826,
    "day": 1,
    "order": 5
  }
]

2024-04-12 15:16:10.721 [http-nio-8080-exec-7] INFO  c.p.t.s.impl.ItineraryServiceImpl - Generating schedule...
2024-04-12 15:16:11.118 [Thread-8] ERROR c.p.t.s.impl.ItineraryServiceImpl - Error in buffered reader Traceback (most recent call last):
  File "C:\Users\Iulia\Licenta-2024\geneticAlgorithm\AlgortimGenetic2\main.py", line 61, in <module>
    a = datetime.strptime(startDate, '%Y-%m-%d')
        ^^^^^^^^^^^^^^^^^^^^^^^^^^^^^^^^^^^^^^^^
TypeError: strptime() argument 1 must be str, not None

2024-04-12 15:16:11.119 [http-nio-8080-exec-7] INFO  c.p.t.s.impl.ItineraryServiceImpl - Exited with error code 1
2024-04-12 15:16:11.119 [http-nio-8080-exec-7] INFO  c.p.t.s.impl.ItineraryServiceImpl - Action completed successfully.
2024-04-12 15:16:24.303 [http-nio-8080-exec-10] INFO  c.p.t.s.impl.ItineraryServiceImpl - Generating schedule...
2024-04-12 15:16:31.002 [Thread-9] ERROR c.p.t.s.impl.ItineraryServiceImpl - Error in buffered reader 
2024-04-12 15:16:31.002 [http-nio-8080-exec-10] INFO  c.p.t.s.impl.ItineraryServiceImpl - Exited with error code 0
2024-04-12 15:16:31.002 [http-nio-8080-exec-10] INFO  c.p.t.s.impl.ItineraryServiceImpl - Action completed successfully.[
  {
    "id": 39,
    "name": "Podu Roș Park (Queen Mary of Romania)",
    "arrival_hour": "09:00",
    "leave_hour": "10:30",
    "duration": 4,
    "lat": 47.1529191,
    "lng": 27.5872749,
    "address": "Unnamed Road, Iași 700259, Romania",
    "photo": [
      {
        "height": 3024,
        "html_attributions": [
          "<a href=\"https://maps.google.com/maps/contrib/106160528941453847765\">Liviu Gherman</a>"
        ],
        "photo_reference": "ATplDJZ-MC8hIppKbdlcZkE-RZwZK1L1lHTkRDz8XBQvntC3sndJgrZzFgG2kU00abtXbXJKp-dUU3i1Dc6H335j4wJEhvHHM_RWvDHZPMFFDEEq49-bStesz92dBPTADc5-W8jkpCj_9Jq-ujvsjSZjmzT1b2VppqeRgSQTdIi1RA4L6isW",
        "width": 4032
      }
    ],
    "type": "park",
    "rating": 4.5,
    "nr_reviews": 269,
    "day": 1,
    "order": 1
  },
  {
    "id": 50,
    "name": "Fenice Palas Iași",
    "arrival_hour": "10:34",
    "leave_hour": "12:34",
    "duration": 2,
    "lat": 47.155693,
    "lng": 27.58671,
    "address": "Strada Palas 3F, Iași 700032, Romania",
    "photo": [
      {
        "height": 2400,
        "html_attributions": [
          "<a href=\"https://maps.google.com/maps/contrib/100231639019985708505\">A Google User</a>"
        ],
        "photo_reference": "ATplDJaAp6BQwa25TgFCkqu-J0-6nydRolwhxL8nyaW_66NCRzcclIXs3bJvuJ535AbBpaAxupYjOvs8-hKA5pPXX8tmKF5yBNel2UYUsDkhq1-aa9aV-wz1X4_irsA0xbKX22NGecyIce_pql019rP-MuqxDoiWsFE3g4xLP4FHRPKdaj0w",
        "width": 3600
      }
    ],
    "type": "restaurant",
    "rating": 4.5,
    "nr_reviews": 3166,
    "day": 1,
    "order": 2
  },
  {
    "id": 8,
    "name": "Palace of Culture",
    "arrival_hour": "12:37",
    "leave_hour": "14:37",
    "duration": 10,
    "lat": 47.1574351,
    "lng": 27.586461,
    "address": "Bulevardul Ștefan cel Mare și Sfânt 1, Iași 700028, Romania",
    "photo": [
      {
        "height": 9000,
        "html_attributions": [
          "<a href=\"https://maps.google.com/maps/contrib/110599303352313505266\">giovani italianu</a>"
        ],
        "photo_reference": "ATplDJZKkTaDfEJ4llTkbvj8gnp6QW6JjGBYWUU-BaSUBrLg138Z7VMvjyyzsWLpw0LxxzilGNCl5TL_IGNkXxOs4bZ7gG9v6ZaNIoBhm_CL5pTyctsQQC1d2iC8BsKqyX0FTR8cV91D6y0adceWt09ryAO-etms-tX3mu2VIyByNyWuya1-",
        "width": 12000
      }
    ],
    "type": "museum",
    "rating": 4.8,
    "nr_reviews": 14192,
    "day": 1,
    "order": 3
  },
  {
    "id": 44,
    "name": "Chess players' park",
    "arrival_hour": "14:48",
    "leave_hour": "16:18",
    "duration": 5,
    "lat": 47.1511259,
    "lng": 27.586519,
    "address": "Iași, Romania",
    "photo": [
      {
        "height": 1960,
        "html_attributions": [
          "<a href=\"https://maps.google.com/maps/contrib/110984528585974042695\">Kitty Kali</a>"
        ],
        "photo_reference": "ATplDJZPTIR5MiPgorPl_VKf0rhCSmXDmaYLBR0H3ZwNUDSIKo_KNHak-heTFOzsOA9A9vxKfXFD-PezDYMXgr58yvNz0SWx3iqPyqXAd8gtSKeesAkOb8rSeobrjKfnOuq8RCGPLIhWml1Sj4UUTavCMnL-0F0m2VdiBQ__FqGjZqgFcu0X",
        "width": 4032
      }
    ],
    "type": "park",
    "rating": 4.3,
    "nr_reviews": 67,
    "day": 1,
    "order": 4
  },
  {
    "id": 62,
    "name": "Restaurant Odeon",
    "arrival_hour": "16:23",
    "leave_hour": "18:23",
    "duration": -1,
    "lat": 47.1479963,
    "lng": 27.5855785,
    "address": "Aleea Nicolina, Iași, Romania",
    "photo": [
      {
        "height": 4160,
        "html_attributions": [
          "<a href=\"https://maps.google.com/maps/contrib/101460436371045078633\">A Google User</a>"
        ],
        "photo_reference": "ATplDJaoWfwG3bZ-11y1xUmzbXpnq5p6p_hXVOtD8H4tQJTyx-YVyt_klDW0zSQcH9xbP3ydLOT0bc1jmVmYHYzTFIyAVhWnSAF6u-Tv5OjSg-bieo_BXfACpgZaVcnvsMTPb7l7znEJryPXabM9Qu2QoBDYc--7ISAMLX71doUMdqFUF3Cg",
        "width": 3120
      }
    ],
    "type": "restaurant",
    "rating": 4.2,
    "nr_reviews": 2731,
    "day": 1,
    "order": 5
  }
]

2024-04-12 15:26:03.047 [SpringApplicationShutdownHook] INFO  o.s.o.j.LocalContainerEntityManagerFactoryBean - Closing JPA EntityManagerFactory for persistence unit 'default'
2024-04-12 15:26:03.050 [SpringApplicationShutdownHook] INFO  com.zaxxer.hikari.HikariDataSource - HikariPool-1 - Shutdown initiated...
2024-04-12 15:26:03.054 [SpringApplicationShutdownHook] INFO  com.zaxxer.hikari.HikariDataSource - HikariPool-1 - Shutdown completed.
